2026-02-07T14:48:31.497+0100 [DEBUG] [org.gradle.launcher.daemon.bootstrap.DaemonMain] Assuming the daemon was started with following jvm opts: [-XX:MaxMetaspaceSize=384m, -XX:+HeapDumpOnOutOfMemoryError, -Xms256m, -Xmx512m, -Dfile.encoding=UTF-8, -Duser.country=PL, -Duser.language=pl, -Duser.variant]
2026-02-07T14:48:31.635+0100 [DEBUG] [org.gradle.internal.remote.internal.inet.InetAddresses] Adding IP addresses for network interface enp7s0
2026-02-07T14:48:31.635+0100 [DEBUG] [org.gradle.internal.remote.internal.inet.InetAddresses] Is this a loopback interface? false
2026-02-07T14:48:31.635+0100 [DEBUG] [org.gradle.internal.remote.internal.inet.InetAddresses] Adding remote address /fe80:0:0:0:feaa:14ff:fe29:91fb%enp7s0
2026-02-07T14:48:31.636+0100 [DEBUG] [org.gradle.internal.remote.internal.inet.InetAddresses] Adding remote address /192.168.3.7
2026-02-07T14:48:31.636+0100 [DEBUG] [org.gradle.internal.remote.internal.inet.InetAddresses] Adding IP addresses for network interface lo
2026-02-07T14:48:31.637+0100 [DEBUG] [org.gradle.internal.remote.internal.inet.InetAddresses] Is this a loopback interface? true
2026-02-07T14:48:31.637+0100 [DEBUG] [org.gradle.internal.remote.internal.inet.InetAddresses] Adding loopback address /0:0:0:0:0:0:0:1%lo
2026-02-07T14:48:31.637+0100 [DEBUG] [org.gradle.internal.remote.internal.inet.InetAddresses] Adding loopback address /127.0.0.1
2026-02-07T14:48:31.673+0100 [INFO] [org.gradle.launcher.daemon.server.Daemon] start() called on daemon - DefaultDaemonContext[uid=34158013-0879-4bed-a9e2-f7ac40be12b9,javaHome=/usr/lib/jvm/java-25-openjdk,javaVersion=25,javaVendor=Red Hat, Inc.,daemonRegistryDir=/home/mnich/Dokumenty/Studia/PBs-InformatykaStosowana/Programowanie zwinne/GitHub/Front_project_FULL/.gradle-user/daemon,pid=157236,idleTimeout=120000,priority=NORMAL,applyInstrumentationAgent=true,nativeServicesMode=ENABLED,daemonOpts=-XX:MaxMetaspaceSize=384m,-XX:+HeapDumpOnOutOfMemoryError,-Xms256m,-Xmx512m,-Dfile.encoding=UTF-8,-Duser.country=PL,-Duser.language=pl,-Duser.variant]
2026-02-07T14:48:31.690+0100 [DEBUG] [org.gradle.internal.remote.internal.inet.TcpIncomingConnector] Listening on [6434cb64-f4a4-42b8-a6f4-785ca99c5878 port:43331, addresses:[localhost/127.0.0.1]].
2026-02-07T14:48:31.696+0100 [DEBUG] [org.gradle.launcher.daemon.server.Daemon] Daemon starting at: Sat Feb 07 14:48:31 CET 2026, with address: [6434cb64-f4a4-42b8-a6f4-785ca99c5878 port:43331, addresses:[localhost/127.0.0.1]]
2026-02-07T14:48:31.696+0100 [INFO] [org.gradle.launcher.daemon.server.DaemonRegistryUpdater] Advertising the daemon address to the clients: [6434cb64-f4a4-42b8-a6f4-785ca99c5878 port:43331, addresses:[localhost/127.0.0.1]]
2026-02-07T14:48:31.696+0100 [DEBUG] [org.gradle.launcher.daemon.server.DaemonRegistryUpdater] Advertised daemon context: DefaultDaemonContext[uid=34158013-0879-4bed-a9e2-f7ac40be12b9,javaHome=/usr/lib/jvm/java-25-openjdk,javaVersion=25,javaVendor=Red Hat, Inc.,daemonRegistryDir=/home/mnich/Dokumenty/Studia/PBs-InformatykaStosowana/Programowanie zwinne/GitHub/Front_project_FULL/.gradle-user/daemon,pid=157236,idleTimeout=120000,priority=NORMAL,applyInstrumentationAgent=true,nativeServicesMode=ENABLED,daemonOpts=-XX:MaxMetaspaceSize=384m,-XX:+HeapDumpOnOutOfMemoryError,-Xms256m,-Xmx512m,-Dfile.encoding=UTF-8,-Duser.country=PL,-Duser.language=pl,-Duser.variant]
2026-02-07T14:48:31.697+0100 [DEBUG] [org.gradle.launcher.daemon.registry.PersistentDaemonRegistry] Storing daemon address: [6434cb64-f4a4-42b8-a6f4-785ca99c5878 port:43331, addresses:[localhost/127.0.0.1]], context: DefaultDaemonContext[uid=34158013-0879-4bed-a9e2-f7ac40be12b9,javaHome=/usr/lib/jvm/java-25-openjdk,javaVersion=25,javaVendor=Red Hat, Inc.,daemonRegistryDir=/home/mnich/Dokumenty/Studia/PBs-InformatykaStosowana/Programowanie zwinne/GitHub/Front_project_FULL/.gradle-user/daemon,pid=157236,idleTimeout=120000,priority=NORMAL,applyInstrumentationAgent=true,nativeServicesMode=ENABLED,daemonOpts=-XX:MaxMetaspaceSize=384m,-XX:+HeapDumpOnOutOfMemoryError,-Xms256m,-Xmx512m,-Dfile.encoding=UTF-8,-Duser.country=PL,-Duser.language=pl,-Duser.variant]
2026-02-07T14:48:31.704+0100 [DEBUG] [org.gradle.cache.internal.DefaultFileLockManager] Waiting to acquire exclusive lock on daemon addresses registry.
2026-02-07T14:48:31.709+0100 [DEBUG] [org.gradle.cache.internal.DefaultFileLockManager] Lock acquired on daemon addresses registry.
2026-02-07T14:48:31.713+0100 [DEBUG] [org.gradle.cache.internal.DefaultFileLockManager] Releasing lock on daemon addresses registry.
2026-02-07T14:48:31.714+0100 [LIFECYCLE] [org.gradle.launcher.daemon.server.Daemon] Daemon server started.
2026-02-07T14:48:31.715+0100 [DEBUG] [org.gradle.launcher.daemon.bootstrap.DaemonStartupCommunication] Completed writing the daemon greeting. Closing streams...
2026-02-07T14:48:31.727+0100 [DEBUG] [org.gradle.launcher.daemon.server.Daemon] stopOnExpiration() called on daemon
2026-02-07T14:48:31.728+0100 [DEBUG] [org.gradle.launcher.daemon.server.Daemon] awaitExpiration() called on daemon
2026-02-07T14:48:31.729+0100 [DEBUG] [org.gradle.launcher.daemon.server.DaemonStateCoordinator] daemon is running. Sleeping until state changes.
2026-02-07T14:48:31.732+0100 [DEBUG] [org.gradle.internal.remote.internal.inet.TcpIncomingConnector] Accepted connection from /127.0.0.1:53590 to /127.0.0.1:43331.
2026-02-07T14:48:31.758+0100 [DEBUG] [org.gradle.launcher.daemon.server.SynchronizedDispatchConnection] thread 37: received class org.gradle.launcher.daemon.protocol.Build
2026-02-07T14:48:31.758+0100 [DEBUG] [org.gradle.launcher.daemon.server.DefaultDaemonConnection] thread 37: Received non-IO message from client: Build{id=8df3a226-8daf-4b75-8101-af70cda27b4e, currentDir=/home/mnich/Dokumenty/Studia/PBs-InformatykaStosowana/Programowanie zwinne/GitHub/Front_project_FULL}
2026-02-07T14:48:31.758+0100 [INFO] [org.gradle.launcher.daemon.server.DefaultIncomingConnectionHandler] Received command: Build{id=8df3a226-8daf-4b75-8101-af70cda27b4e, currentDir=/home/mnich/Dokumenty/Studia/PBs-InformatykaStosowana/Programowanie zwinne/GitHub/Front_project_FULL}.
2026-02-07T14:48:31.759+0100 [DEBUG] [org.gradle.launcher.daemon.server.DefaultIncomingConnectionHandler] Starting executing command: Build{id=8df3a226-8daf-4b75-8101-af70cda27b4e, currentDir=/home/mnich/Dokumenty/Studia/PBs-InformatykaStosowana/Programowanie zwinne/GitHub/Front_project_FULL} with connection: socket connection from /127.0.0.1:43331 to /127.0.0.1:53590.
2026-02-07T14:48:31.761+0100 [DEBUG] [org.gradle.launcher.daemon.server.DaemonStateCoordinator] Command execution: started DaemonCommandExecution[command = Build{id=8df3a226-8daf-4b75-8101-af70cda27b4e, currentDir=/home/mnich/Dokumenty/Studia/PBs-InformatykaStosowana/Programowanie zwinne/GitHub/Front_project_FULL}, connection = DefaultDaemonConnection: socket connection from /127.0.0.1:43331 to /127.0.0.1:53590] after 0.00125 minutes of idle
2026-02-07T14:48:31.762+0100 [INFO] [org.gradle.launcher.daemon.server.DaemonRegistryUpdater] Marking the daemon as busy, address: [6434cb64-f4a4-42b8-a6f4-785ca99c5878 port:43331, addresses:[localhost/127.0.0.1]]
2026-02-07T14:48:31.762+0100 [DEBUG] [org.gradle.launcher.daemon.registry.PersistentDaemonRegistry] Marking busy by address: [6434cb64-f4a4-42b8-a6f4-785ca99c5878 port:43331, addresses:[localhost/127.0.0.1]]
2026-02-07T14:48:31.762+0100 [DEBUG] [org.gradle.cache.internal.DefaultFileLockManager] Waiting to acquire exclusive lock on daemon addresses registry.
2026-02-07T14:48:31.763+0100 [DEBUG] [org.gradle.cache.internal.DefaultFileLockManager] Lock acquired on daemon addresses registry.
2026-02-07T14:48:31.764+0100 [DEBUG] [org.gradle.cache.internal.DefaultFileLockManager] Releasing lock on daemon addresses registry.
2026-02-07T14:48:31.764+0100 [DEBUG] [org.gradle.launcher.daemon.server.DaemonStateCoordinator] resetting idle timer
2026-02-07T14:48:31.764+0100 [DEBUG] [org.gradle.launcher.daemon.server.DaemonStateCoordinator] daemon is running. Sleeping until state changes.
2026-02-07T14:48:31.765+0100 [INFO] [org.gradle.launcher.daemon.server.exec.StartBuildOrRespondWithBusy] Daemon is about to start building Build{id=8df3a226-8daf-4b75-8101-af70cda27b4e, currentDir=/home/mnich/Dokumenty/Studia/PBs-InformatykaStosowana/Programowanie zwinne/GitHub/Front_project_FULL}. Dispatching build started information...
2026-02-07T14:48:31.765+0100 [DEBUG] [org.gradle.launcher.daemon.server.SynchronizedDispatchConnection] thread 39: dispatching org.gradle.launcher.daemon.protocol.BuildStarted@6338d5af
2026-02-07T14:48:31.767+0100 [DEBUG] [org.gradle.launcher.daemon.server.exec.EstablishBuildEnvironment] Configuring env variables: [GRAAL_TECHNO_NAME, PATH, GENVIEW_TECHNO_NAME, MBK_C4_LIB, HISTCONTROL, VH_DLYSFX, DBUS_SESSION_BUS_ADDRESS, RDS_IN, RDS_TECHNO_NAME, LD_LIBRARY_PATH, SESSION_MANAGER, MBK_WORK_LIB, PWD, MANAGERPID, KDE_SESSION_VERSION, LESSOPEN, MBK_TARGET_LIB, QTINC, CODEX_HOME, VH_PATSFX, DEBUGINFOD_IMA_CERT_PATH, XSCH_PARAM_NAME, SHLVL, ICEAUTHORITY, LOADEDMODULES, IJ_RESTARTER_LOG, HISTSIZE, MEMORY_PRESSURE_WATCH, VH_MAXERR, KDE_SESSION_UID, XDG_CONFIG_DIRS, XDG_SEAT_PATH, MOZ_GMP_PATH, XDG_SESSION_ID, GRADLE_USER_HOME, MBK_CATAL_NAME, WAYLAND_DISPLAY, GTK_RC_FILES, BABEL_DATADIR, __MODULES_LMINIT, VH_BEHSFX, XDG_SESSION_CLASS, CODEX_PATH, XPAT_PARAM_NAME, CVS_RSH, DESKTOP_SESSION, GDK_CORE_DEVICE_EVENTS, XDG_MENU_PREFIX, DESKTOP_STARTUP_ID, GTK2_RC_FILES, BASH_FUNC_ml%%, XFSM_PARAM_NAME, MBK_IN_PH, BASH_FUNC__module_raw%%, MODULES_CMD, MBK_OUT_PH, ELP_TECHNO_NAME, PERL_LOCAL_LIB_ROOT, INVOCATION_ID, XAUTHORITY, PERL_MM_OPT, XDG_DATA_DIRS, MODULEPATH, DREAL_TECHNO_NAME, XDG_CURRENT_DESKTOP, PERL_MB_OPT, JOURNAL_STREAM, MAIL, MANAGERPIDFDID, LOGNAME, MBK_SCALE_X, PAM_KWALLET5_LOGIN, _JAVA_AWT_WM_NONREPARENTING, TOOLBOX_VERSION, BABEL_LIBDIR, CODEX_SANDBOX_NETWORK_DISABLED, SHELL, __MODULES_SHARE_MANPATH, XTBPATH, KDE_FULL_SESSION, SSH_ASKPASS, XDG_SESSION_PATH, DEBUGINFOD_URLS, SYSTEMD_EXEC_PID, XDG_SESSION_DESKTOP, LS_COLORS, MBK_VDD, KDE_APPLICATIONS_AS_SCOPE, MEMORY_PRESSURE_WRITE, MANPATH, MBK_SPI_MODEL, LANG, MODULES_RUN_QUARANTINE, XDG_SESSION_TYPE, DISPLAY, RDS_OUT, BASH_FUNC_module%%, XKB_DEFAULT_LAYOUT, ALLIANCE_TOP, CONDA_SHLVL, PERL5LIB, MBK_VSS, MBK_IN_LO, GPG_TTY, USER, SSH_AUTH_SOCK, XDG_SEAT, EDITOR, QT_WAYLAND_RECONNECT, MBK_CATA_LIB, HOSTNAME, MBK_OUT_LO, QTDIR, MODULESHOME, KDEDIRS, XDG_RUNTIME_DIR, XDG_VTNR, HOME, QTLIB]
2026-02-07T14:48:31.771+0100 [DEBUG] [org.gradle.launcher.daemon.server.exec.LogToClient] About to start relaying all logs to the client via the connection.
2026-02-07T14:48:31.772+0100 [INFO] [org.gradle.launcher.daemon.server.exec.LogToClient] The client will now receive all logging from the daemon (pid: 157236). The daemon log file: /home/mnich/Dokumenty/Studia/PBs-InformatykaStosowana/Programowanie zwinne/GitHub/Front_project_FULL/.gradle-user/daemon/9.0.0/daemon-157236.out.log
2026-02-07T14:48:31.774+0100 [DEBUG] [org.gradle.launcher.daemon.server.exec.RequestStopIfSingleUsedDaemon] Requesting daemon stop after processing Build{id=8df3a226-8daf-4b75-8101-af70cda27b4e, currentDir=/home/mnich/Dokumenty/Studia/PBs-InformatykaStosowana/Programowanie zwinne/GitHub/Front_project_FULL}
2026-02-07T14:48:31.774+0100 [LIFECYCLE] [org.gradle.launcher.daemon.server.DaemonStateCoordinator] Daemon will be stopped at the end of the build 
2026-02-07T14:48:31.774+0100 [DEBUG] [org.gradle.launcher.daemon.server.DaemonStateCoordinator] Stop as soon as idle requested. The daemon is busy
2026-02-07T14:48:31.774+0100 [DEBUG] [org.gradle.launcher.daemon.server.DaemonStateCoordinator] daemon stop has been requested. Sleeping until state changes.
2026-02-07T14:48:31.778+0100 [DEBUG] [org.gradle.launcher.daemon.server.exec.ExecuteBuild] The daemon has started executing the build.
2026-02-07T14:48:31.778+0100 [DEBUG] [org.gradle.launcher.daemon.server.exec.ExecuteBuild] Executing build with daemon context: DefaultDaemonContext[uid=34158013-0879-4bed-a9e2-f7ac40be12b9,javaHome=/usr/lib/jvm/java-25-openjdk,javaVersion=25,javaVendor=Red Hat, Inc.,daemonRegistryDir=/home/mnich/Dokumenty/Studia/PBs-InformatykaStosowana/Programowanie zwinne/GitHub/Front_project_FULL/.gradle-user/daemon,pid=157236,idleTimeout=120000,priority=NORMAL,applyInstrumentationAgent=true,nativeServicesMode=ENABLED,daemonOpts=-XX:MaxMetaspaceSize=384m,-XX:+HeapDumpOnOutOfMemoryError,-Xms256m,-Xmx512m,-Dfile.encoding=UTF-8,-Duser.country=PL,-Duser.language=pl,-Duser.variant]

------------------------------------------------------------
Root project 'Front_project_FULL'
------------------------------------------------------------

annotationProcessor - Annotation processors and their dependencies for source set 'main'.
\--- org.projectlombok:lombok -> 1.18.36

bootArchives - Configuration for Spring Boot archive artifacts. (n)
No dependencies

compileClasspath - Compile classpath for source set 'main'.
+--- org.projectlombok:lombok -> 1.18.36
+--- org.springframework.boot:spring-boot-starter-web -> 3.4.3
|    +--- org.springframework.boot:spring-boot-starter:3.4.3
|    |    +--- org.springframework.boot:spring-boot:3.4.3
|    |    |    +--- org.springframework:spring-core:6.2.3
|    |    |    |    \--- org.springframework:spring-jcl:6.2.3
|    |    |    \--- org.springframework:spring-context:6.2.3
|    |    |         +--- org.springframework:spring-aop:6.2.3
|    |    |         |    +--- org.springframework:spring-beans:6.2.3
|    |    |         |    |    \--- org.springframework:spring-core:6.2.3 (*)
|    |    |         |    \--- org.springframework:spring-core:6.2.3 (*)
|    |    |         +--- org.springframework:spring-beans:6.2.3 (*)
|    |    |         +--- org.springframework:spring-core:6.2.3 (*)
|    |    |         +--- org.springframework:spring-expression:6.2.3
|    |    |         |    \--- org.springframework:spring-core:6.2.3 (*)
|    |    |         \--- io.micrometer:micrometer-observation:1.14.4
|    |    |              \--- io.micrometer:micrometer-commons:1.14.4
|    |    +--- org.springframework.boot:spring-boot-autoconfigure:3.4.3
|    |    |    \--- org.springframework.boot:spring-boot:3.4.3 (*)
|    |    +--- org.springframework.boot:spring-boot-starter-logging:3.4.3
|    |    |    +--- ch.qos.logback:logback-classic:1.5.16
|    |    |    |    +--- ch.qos.logback:logback-core:1.5.16
|    |    |    |    \--- org.slf4j:slf4j-api:2.0.16
|    |    |    +--- org.apache.logging.log4j:log4j-to-slf4j:2.24.3
|    |    |    |    +--- org.apache.logging.log4j:log4j-api:2.24.3
|    |    |    |    \--- org.slf4j:slf4j-api:2.0.16
|    |    |    \--- org.slf4j:jul-to-slf4j:2.0.16
|    |    |         \--- org.slf4j:slf4j-api:2.0.16
|    |    +--- jakarta.annotation:jakarta.annotation-api:2.1.1
|    |    +--- org.springframework:spring-core:6.2.3 (*)
|    |    \--- org.yaml:snakeyaml:2.3
|    +--- org.springframework.boot:spring-boot-starter-json:3.4.3
|    |    +--- org.springframework.boot:spring-boot-starter:3.4.3 (*)
|    |    +--- org.springframework:spring-web:6.2.3
|    |    |    +--- org.springframework:spring-beans:6.2.3 (*)
|    |    |    +--- org.springframework:spring-core:6.2.3 (*)
|    |    |    \--- io.micrometer:micrometer-observation:1.14.4 (*)
|    |    +--- com.fasterxml.jackson.core:jackson-databind:2.18.2
|    |    |    +--- com.fasterxml.jackson.core:jackson-annotations:2.18.2
|    |    |    |    \--- com.fasterxml.jackson:jackson-bom:2.18.2
|    |    |    |         +--- com.fasterxml.jackson.core:jackson-annotations:2.18.2 (c)
|    |    |    |         +--- com.fasterxml.jackson.core:jackson-core:2.18.2 (c)
|    |    |    |         +--- com.fasterxml.jackson.core:jackson-databind:2.18.2 (c)
|    |    |    |         +--- com.fasterxml.jackson.datatype:jackson-datatype-jdk8:2.18.2 (c)
|    |    |    |         +--- com.fasterxml.jackson.datatype:jackson-datatype-jsr310:2.18.2 (c)
|    |    |    |         \--- com.fasterxml.jackson.module:jackson-module-parameter-names:2.18.2 (c)
|    |    |    +--- com.fasterxml.jackson.core:jackson-core:2.18.2
|    |    |    |    \--- com.fasterxml.jackson:jackson-bom:2.18.2 (*)
|    |    |    \--- com.fasterxml.jackson:jackson-bom:2.18.2 (*)
|    |    +--- com.fasterxml.jackson.datatype:jackson-datatype-jdk8:2.18.2
|    |    |    +--- com.fasterxml.jackson.core:jackson-core:2.18.2 (*)
|    |    |    +--- com.fasterxml.jackson.core:jackson-databind:2.18.2 (*)
|    |    |    \--- com.fasterxml.jackson:jackson-bom:2.18.2 (*)
|    |    +--- com.fasterxml.jackson.datatype:jackson-datatype-jsr310:2.18.2
|    |    |    +--- com.fasterxml.jackson.core:jackson-annotations:2.18.2 (*)
|    |    |    +--- com.fasterxml.jackson.core:jackson-core:2.18.2 (*)
|    |    |    +--- com.fasterxml.jackson.core:jackson-databind:2.18.2 (*)
|    |    |    \--- com.fasterxml.jackson:jackson-bom:2.18.2 (*)
|    |    \--- com.fasterxml.jackson.module:jackson-module-parameter-names:2.18.2
|    |         +--- com.fasterxml.jackson.core:jackson-core:2.18.2 (*)
|    |         +--- com.fasterxml.jackson.core:jackson-databind:2.18.2 (*)
|    |         \--- com.fasterxml.jackson:jackson-bom:2.18.2 (*)
|    +--- org.springframework.boot:spring-boot-starter-tomcat:3.4.3
|    |    +--- jakarta.annotation:jakarta.annotation-api:2.1.1
|    |    +--- org.apache.tomcat.embed:tomcat-embed-core:10.1.36
|    |    +--- org.apache.tomcat.embed:tomcat-embed-el:10.1.36
|    |    \--- org.apache.tomcat.embed:tomcat-embed-websocket:10.1.36
|    |         \--- org.apache.tomcat.embed:tomcat-embed-core:10.1.36
|    +--- org.springframework:spring-web:6.2.3 (*)
|    \--- org.springframework:spring-webmvc:6.2.3
|         +--- org.springframework:spring-aop:6.2.3 (*)
|         +--- org.springframework:spring-beans:6.2.3 (*)
|         +--- org.springframework:spring-context:6.2.3 (*)
|         +--- org.springframework:spring-core:6.2.3 (*)
|         +--- org.springframework:spring-expression:6.2.3 (*)
|         \--- org.springframework:spring-web:6.2.3 (*)
+--- org.springframework.boot:spring-boot-starter-validation -> 3.4.3
|    +--- org.springframework.boot:spring-boot-starter:3.4.3 (*)
|    +--- org.apache.tomcat.embed:tomcat-embed-el:10.1.36
|    \--- org.hibernate.validator:hibernate-validator:8.0.2.Final
|         +--- jakarta.validation:jakarta.validation-api:3.0.2
|         +--- org.jboss.logging:jboss-logging:3.4.3.Final -> 3.6.1.Final
|         \--- com.fasterxml:classmate:1.5.1 -> 1.7.0
+--- org.springframework.boot:spring-boot-starter-thymeleaf -> 3.4.3
|    +--- org.springframework.boot:spring-boot-starter:3.4.3 (*)
|    \--- org.thymeleaf:thymeleaf-spring6:3.1.3.RELEASE
|         +--- org.thymeleaf:thymeleaf:3.1.3.RELEASE
|         |    +--- org.attoparser:attoparser:2.0.7.RELEASE
|         |    +--- org.unbescape:unbescape:1.1.6.RELEASE
|         |    \--- org.slf4j:slf4j-api:2.0.16
|         \--- org.slf4j:slf4j-api:2.0.16
+--- org.springframework.boot:spring-boot-starter-security -> 3.4.3
|    +--- org.springframework.boot:spring-boot-starter:3.4.3 (*)
|    +--- org.springframework:spring-aop:6.2.3 (*)
|    +--- org.springframework.security:spring-security-config:6.4.3
|    |    +--- org.springframework.security:spring-security-core:6.4.3
|    |    |    +--- org.springframework.security:spring-security-crypto:6.4.3
|    |    |    +--- org.springframework:spring-aop:6.2.3 (*)
|    |    |    +--- org.springframework:spring-beans:6.2.3 (*)
|    |    |    +--- org.springframework:spring-context:6.2.3 (*)
|    |    |    +--- org.springframework:spring-core:6.2.3 (*)
|    |    |    +--- org.springframework:spring-expression:6.2.3 (*)
|    |    |    \--- io.micrometer:micrometer-observation:1.14.4 (*)
|    |    +--- org.springframework:spring-aop:6.2.3 (*)
|    |    +--- org.springframework:spring-beans:6.2.3 (*)
|    |    +--- org.springframework:spring-context:6.2.3 (*)
|    |    \--- org.springframework:spring-core:6.2.3 (*)
|    \--- org.springframework.security:spring-security-web:6.4.3
|         +--- org.springframework.security:spring-security-core:6.4.3 (*)
|         +--- org.springframework:spring-core:6.2.3 (*)
|         +--- org.springframework:spring-aop:6.2.3 (*)
|         +--- org.springframework:spring-beans:6.2.3 (*)
|         +--- org.springframework:spring-context:6.2.3 (*)
|         +--- org.springframework:spring-expression:6.2.3 (*)
|         \--- org.springframework:spring-web:6.2.3 (*)
\--- org.springframework.data:spring-data-commons -> 3.4.3
     +--- org.springframework:spring-core:6.2.3 (*)
     +--- org.springframework:spring-beans:6.2.3 (*)
     \--- org.slf4j:slf4j-api:2.0.2 -> 2.0.16

compileOnly - Compile-only dependencies for the 'main' feature. (n)
\--- org.projectlombok:lombok (n)

default - Configuration for default artifacts. (n)
No dependencies

developmentOnly - Configuration for development-only dependencies such as Spring Boot's DevTools.
No dependencies

implementation - Implementation dependencies for the 'main' feature. (n)
+--- org.springframework.boot:spring-boot-starter-web (n)
+--- org.springframework.boot:spring-boot-starter-validation (n)
+--- org.springframework.boot:spring-boot-starter-thymeleaf (n)
+--- org.springframework.boot:spring-boot-starter-security (n)
\--- org.springframework.data:spring-data-commons (n)

mainSourceElements - List of source directories contained in the Main SourceSet. (n)
No dependencies

productionRuntimeClasspath
+--- org.springframework.boot:spring-boot-starter-web -> 3.4.3
|    +--- org.springframework.boot:spring-boot-starter:3.4.3
|    |    +--- org.springframework.boot:spring-boot:3.4.3
|    |    |    +--- org.springframework:spring-core:6.2.3
|    |    |    |    \--- org.springframework:spring-jcl:6.2.3
|    |    |    \--- org.springframework:spring-context:6.2.3
|    |    |         +--- org.springframework:spring-aop:6.2.3
|    |    |         |    +--- org.springframework:spring-beans:6.2.3
|    |    |         |    |    \--- org.springframework:spring-core:6.2.3 (*)
|    |    |         |    \--- org.springframework:spring-core:6.2.3 (*)
|    |    |         +--- org.springframework:spring-beans:6.2.3 (*)
|    |    |         +--- org.springframework:spring-core:6.2.3 (*)
|    |    |         +--- org.springframework:spring-expression:6.2.3
|    |    |         |    \--- org.springframework:spring-core:6.2.3 (*)
|    |    |         \--- io.micrometer:micrometer-observation:1.14.4
|    |    |              \--- io.micrometer:micrometer-commons:1.14.4
|    |    +--- org.springframework.boot:spring-boot-autoconfigure:3.4.3
|    |    |    \--- org.springframework.boot:spring-boot:3.4.3 (*)
|    |    +--- org.springframework.boot:spring-boot-starter-logging:3.4.3
|    |    |    +--- ch.qos.logback:logback-classic:1.5.16
|    |    |    |    +--- ch.qos.logback:logback-core:1.5.16
|    |    |    |    \--- org.slf4j:slf4j-api:2.0.16
|    |    |    +--- org.apache.logging.log4j:log4j-to-slf4j:2.24.3
|    |    |    |    +--- org.apache.logging.log4j:log4j-api:2.24.3
|    |    |    |    \--- org.slf4j:slf4j-api:2.0.16
|    |    |    \--- org.slf4j:jul-to-slf4j:2.0.16
|    |    |         \--- org.slf4j:slf4j-api:2.0.16
|    |    +--- jakarta.annotation:jakarta.annotation-api:2.1.1
|    |    +--- org.springframework:spring-core:6.2.3 (*)
|    |    \--- org.yaml:snakeyaml:2.3
|    +--- org.springframework.boot:spring-boot-starter-json:3.4.3
|    |    +--- org.springframework.boot:spring-boot-starter:3.4.3 (*)
|    |    +--- org.springframework:spring-web:6.2.3
|    |    |    +--- org.springframework:spring-beans:6.2.3 (*)
|    |    |    +--- org.springframework:spring-core:6.2.3 (*)
|    |    |    \--- io.micrometer:micrometer-observation:1.14.4 (*)
|    |    +--- com.fasterxml.jackson.core:jackson-databind:2.18.2
|    |    |    +--- com.fasterxml.jackson.core:jackson-annotations:2.18.2
|    |    |    |    \--- com.fasterxml.jackson:jackson-bom:2.18.2
|    |    |    |         +--- com.fasterxml.jackson.core:jackson-annotations:2.18.2 (c)
|    |    |    |         +--- com.fasterxml.jackson.core:jackson-core:2.18.2 (c)
|    |    |    |         +--- com.fasterxml.jackson.core:jackson-databind:2.18.2 (c)
|    |    |    |         +--- com.fasterxml.jackson.datatype:jackson-datatype-jdk8:2.18.2 (c)
|    |    |    |         +--- com.fasterxml.jackson.datatype:jackson-datatype-jsr310:2.18.2 (c)
|    |    |    |         \--- com.fasterxml.jackson.module:jackson-module-parameter-names:2.18.2 (c)
|    |    |    +--- com.fasterxml.jackson.core:jackson-core:2.18.2
|    |    |    |    \--- com.fasterxml.jackson:jackson-bom:2.18.2 (*)
|    |    |    \--- com.fasterxml.jackson:jackson-bom:2.18.2 (*)
|    |    +--- com.fasterxml.jackson.datatype:jackson-datatype-jdk8:2.18.2
|    |    |    +--- com.fasterxml.jackson.core:jackson-core:2.18.2 (*)
|    |    |    +--- com.fasterxml.jackson.core:jackson-databind:2.18.2 (*)
|    |    |    \--- com.fasterxml.jackson:jackson-bom:2.18.2 (*)
|    |    +--- com.fasterxml.jackson.datatype:jackson-datatype-jsr310:2.18.2
|    |    |    +--- com.fasterxml.jackson.core:jackson-annotations:2.18.2 (*)
|    |    |    +--- com.fasterxml.jackson.core:jackson-core:2.18.2 (*)
|    |    |    +--- com.fasterxml.jackson.core:jackson-databind:2.18.2 (*)
|    |    |    \--- com.fasterxml.jackson:jackson-bom:2.18.2 (*)
|    |    \--- com.fasterxml.jackson.module:jackson-module-parameter-names:2.18.2
|    |         +--- com.fasterxml.jackson.core:jackson-core:2.18.2 (*)
|    |         +--- com.fasterxml.jackson.core:jackson-databind:2.18.2 (*)
|    |         \--- com.fasterxml.jackson:jackson-bom:2.18.2 (*)
|    +--- org.springframework.boot:spring-boot-starter-tomcat:3.4.3
|    |    +--- jakarta.annotation:jakarta.annotation-api:2.1.1
|    |    +--- org.apache.tomcat.embed:tomcat-embed-core:10.1.36
|    |    +--- org.apache.tomcat.embed:tomcat-embed-el:10.1.36
|    |    \--- org.apache.tomcat.embed:tomcat-embed-websocket:10.1.36
|    |         \--- org.apache.tomcat.embed:tomcat-embed-core:10.1.36
|    +--- org.springframework:spring-web:6.2.3 (*)
|    \--- org.springframework:spring-webmvc:6.2.3
|         +--- org.springframework:spring-aop:6.2.3 (*)
|         +--- org.springframework:spring-beans:6.2.3 (*)
|         +--- org.springframework:spring-context:6.2.3 (*)
|         +--- org.springframework:spring-core:6.2.3 (*)
|         +--- org.springframework:spring-expression:6.2.3 (*)
|         \--- org.springframework:spring-web:6.2.3 (*)
+--- org.springframework.boot:spring-boot-starter-validation -> 3.4.3
|    +--- org.springframework.boot:spring-boot-starter:3.4.3 (*)
|    +--- org.apache.tomcat.embed:tomcat-embed-el:10.1.36
|    \--- org.hibernate.validator:hibernate-validator:8.0.2.Final
|         +--- jakarta.validation:jakarta.validation-api:3.0.2
|         +--- org.jboss.logging:jboss-logging:3.4.3.Final -> 3.6.1.Final
|         \--- com.fasterxml:classmate:1.5.1 -> 1.7.0
+--- org.springframework.boot:spring-boot-starter-thymeleaf -> 3.4.3
|    +--- org.springframework.boot:spring-boot-starter:3.4.3 (*)
|    \--- org.thymeleaf:thymeleaf-spring6:3.1.3.RELEASE
|         +--- org.thymeleaf:thymeleaf:3.1.3.RELEASE
|         |    +--- org.attoparser:attoparser:2.0.7.RELEASE
|         |    +--- org.unbescape:unbescape:1.1.6.RELEASE
|         |    \--- org.slf4j:slf4j-api:2.0.16
|         \--- org.slf4j:slf4j-api:2.0.16
+--- org.springframework.boot:spring-boot-starter-security -> 3.4.3
|    +--- org.springframework.boot:spring-boot-starter:3.4.3 (*)
|    +--- org.springframework:spring-aop:6.2.3 (*)
|    +--- org.springframework.security:spring-security-config:6.4.3
|    |    +--- org.springframework.security:spring-security-core:6.4.3
|    |    |    +--- org.springframework.security:spring-security-crypto:6.4.3
|    |    |    +--- org.springframework:spring-aop:6.2.3 (*)
|    |    |    +--- org.springframework:spring-beans:6.2.3 (*)
|    |    |    +--- org.springframework:spring-context:6.2.3 (*)
|    |    |    +--- org.springframework:spring-core:6.2.3 (*)
|    |    |    +--- org.springframework:spring-expression:6.2.3 (*)
|    |    |    \--- io.micrometer:micrometer-observation:1.14.4 (*)
|    |    +--- org.springframework:spring-aop:6.2.3 (*)
|    |    +--- org.springframework:spring-beans:6.2.3 (*)
|    |    +--- org.springframework:spring-context:6.2.3 (*)
|    |    \--- org.springframework:spring-core:6.2.3 (*)
|    \--- org.springframework.security:spring-security-web:6.4.3
|         +--- org.springframework.security:spring-security-core:6.4.3 (*)
|         +--- org.springframework:spring-core:6.2.3 (*)
|         +--- org.springframework:spring-aop:6.2.3 (*)
|         +--- org.springframework:spring-beans:6.2.3 (*)
|         +--- org.springframework:spring-context:6.2.3 (*)
|         +--- org.springframework:spring-expression:6.2.3 (*)
|         \--- org.springframework:spring-web:6.2.3 (*)
\--- org.springframework.data:spring-data-commons -> 3.4.3
     +--- org.springframework:spring-core:6.2.3 (*)
     +--- org.springframework:spring-beans:6.2.3 (*)
     \--- org.slf4j:slf4j-api:2.0.2 -> 2.0.16

runtimeClasspath - Runtime classpath of source set 'main'.
+--- org.springframework.boot:spring-boot-starter-web -> 3.4.3
|    +--- org.springframework.boot:spring-boot-starter:3.4.3
|    |    +--- org.springframework.boot:spring-boot:3.4.3
|    |    |    +--- org.springframework:spring-core:6.2.3
|    |    |    |    \--- org.springframework:spring-jcl:6.2.3
|    |    |    \--- org.springframework:spring-context:6.2.3
|    |    |         +--- org.springframework:spring-aop:6.2.3
|    |    |         |    +--- org.springframework:spring-beans:6.2.3
|    |    |         |    |    \--- org.springframework:spring-core:6.2.3 (*)
|    |    |         |    \--- org.springframework:spring-core:6.2.3 (*)
|    |    |         +--- org.springframework:spring-beans:6.2.3 (*)
|    |    |         +--- org.springframework:spring-core:6.2.3 (*)
|    |    |         +--- org.springframework:spring-expression:6.2.3
|    |    |         |    \--- org.springframework:spring-core:6.2.3 (*)
|    |    |         \--- io.micrometer:micrometer-observation:1.14.4
|    |    |              \--- io.micrometer:micrometer-commons:1.14.4
|    |    +--- org.springframework.boot:spring-boot-autoconfigure:3.4.3
|    |    |    \--- org.springframework.boot:spring-boot:3.4.3 (*)
|    |    +--- org.springframework.boot:spring-boot-starter-logging:3.4.3
|    |    |    +--- ch.qos.logback:logback-classic:1.5.16
|    |    |    |    +--- ch.qos.logback:logback-core:1.5.16
|    |    |    |    \--- org.slf4j:slf4j-api:2.0.16
|    |    |    +--- org.apache.logging.log4j:log4j-to-slf4j:2.24.3
|    |    |    |    +--- org.apache.logging.log4j:log4j-api:2.24.3
|    |    |    |    \--- org.slf4j:slf4j-api:2.0.16
|    |    |    \--- org.slf4j:jul-to-slf4j:2.0.16
|    |    |         \--- org.slf4j:slf4j-api:2.0.16
|    |    +--- jakarta.annotation:jakarta.annotation-api:2.1.1
|    |    +--- org.springframework:spring-core:6.2.3 (*)
|    |    \--- org.yaml:snakeyaml:2.3
|    +--- org.springframework.boot:spring-boot-starter-json:3.4.3
|    |    +--- org.springframework.boot:spring-boot-starter:3.4.3 (*)
|    |    +--- org.springframework:spring-web:6.2.3
|    |    |    +--- org.springframework:spring-beans:6.2.3 (*)
|    |    |    +--- org.springframework:spring-core:6.2.3 (*)
|    |    |    \--- io.micrometer:micrometer-observation:1.14.4 (*)
|    |    +--- com.fasterxml.jackson.core:jackson-databind:2.18.2
|    |    |    +--- com.fasterxml.jackson.core:jackson-annotations:2.18.2
|    |    |    |    \--- com.fasterxml.jackson:jackson-bom:2.18.2
|    |    |    |         +--- com.fasterxml.jackson.core:jackson-annotations:2.18.2 (c)
|    |    |    |         +--- com.fasterxml.jackson.core:jackson-core:2.18.2 (c)
|    |    |    |         +--- com.fasterxml.jackson.core:jackson-databind:2.18.2 (c)
|    |    |    |         +--- com.fasterxml.jackson.datatype:jackson-datatype-jdk8:2.18.2 (c)
|    |    |    |         +--- com.fasterxml.jackson.datatype:jackson-datatype-jsr310:2.18.2 (c)
|    |    |    |         \--- com.fasterxml.jackson.module:jackson-module-parameter-names:2.18.2 (c)
|    |    |    +--- com.fasterxml.jackson.core:jackson-core:2.18.2
|    |    |    |    \--- com.fasterxml.jackson:jackson-bom:2.18.2 (*)
|    |    |    \--- com.fasterxml.jackson:jackson-bom:2.18.2 (*)
|    |    +--- com.fasterxml.jackson.datatype:jackson-datatype-jdk8:2.18.2
|    |    |    +--- com.fasterxml.jackson.core:jackson-core:2.18.2 (*)
|    |    |    +--- com.fasterxml.jackson.core:jackson-databind:2.18.2 (*)
|    |    |    \--- com.fasterxml.jackson:jackson-bom:2.18.2 (*)
|    |    +--- com.fasterxml.jackson.datatype:jackson-datatype-jsr310:2.18.2
|    |    |    +--- com.fasterxml.jackson.core:jackson-annotations:2.18.2 (*)
|    |    |    +--- com.fasterxml.jackson.core:jackson-core:2.18.2 (*)
|    |    |    +--- com.fasterxml.jackson.core:jackson-databind:2.18.2 (*)
|    |    |    \--- com.fasterxml.jackson:jackson-bom:2.18.2 (*)
|    |    \--- com.fasterxml.jackson.module:jackson-module-parameter-names:2.18.2
|    |         +--- com.fasterxml.jackson.core:jackson-core:2.18.2 (*)
|    |         +--- com.fasterxml.jackson.core:jackson-databind:2.18.2 (*)
|    |         \--- com.fasterxml.jackson:jackson-bom:2.18.2 (*)
|    +--- org.springframework.boot:spring-boot-starter-tomcat:3.4.3
|    |    +--- jakarta.annotation:jakarta.annotation-api:2.1.1
|    |    +--- org.apache.tomcat.embed:tomcat-embed-core:10.1.36
|    |    +--- org.apache.tomcat.embed:tomcat-embed-el:10.1.36
|    |    \--- org.apache.tomcat.embed:tomcat-embed-websocket:10.1.36
|    |         \--- org.apache.tomcat.embed:tomcat-embed-core:10.1.36
|    +--- org.springframework:spring-web:6.2.3 (*)
|    \--- org.springframework:spring-webmvc:6.2.3
|         +--- org.springframework:spring-aop:6.2.3 (*)
|         +--- org.springframework:spring-beans:6.2.3 (*)
|         +--- org.springframework:spring-context:6.2.3 (*)
|         +--- org.springframework:spring-core:6.2.3 (*)
|         +--- org.springframework:spring-expression:6.2.3 (*)
|         \--- org.springframework:spring-web:6.2.3 (*)
+--- org.springframework.boot:spring-boot-starter-validation -> 3.4.3
|    +--- org.springframework.boot:spring-boot-starter:3.4.3 (*)
|    +--- org.apache.tomcat.embed:tomcat-embed-el:10.1.36
|    \--- org.hibernate.validator:hibernate-validator:8.0.2.Final
|         +--- jakarta.validation:jakarta.validation-api:3.0.2
|         +--- org.jboss.logging:jboss-logging:3.4.3.Final -> 3.6.1.Final
|         \--- com.fasterxml:classmate:1.5.1 -> 1.7.0
+--- org.springframework.boot:spring-boot-starter-thymeleaf -> 3.4.3
|    +--- org.springframework.boot:spring-boot-starter:3.4.3 (*)
|    \--- org.thymeleaf:thymeleaf-spring6:3.1.3.RELEASE
|         +--- org.thymeleaf:thymeleaf:3.1.3.RELEASE
|         |    +--- org.attoparser:attoparser:2.0.7.RELEASE
|         |    +--- org.unbescape:unbescape:1.1.6.RELEASE
|         |    \--- org.slf4j:slf4j-api:2.0.16
|         \--- org.slf4j:slf4j-api:2.0.16
+--- org.springframework.boot:spring-boot-starter-security -> 3.4.3
|    +--- org.springframework.boot:spring-boot-starter:3.4.3 (*)
|    +--- org.springframework:spring-aop:6.2.3 (*)
|    +--- org.springframework.security:spring-security-config:6.4.3
|    |    +--- org.springframework.security:spring-security-core:6.4.3
|    |    |    +--- org.springframework.security:spring-security-crypto:6.4.3
|    |    |    +--- org.springframework:spring-aop:6.2.3 (*)
|    |    |    +--- org.springframework:spring-beans:6.2.3 (*)
|    |    |    +--- org.springframework:spring-context:6.2.3 (*)
|    |    |    +--- org.springframework:spring-core:6.2.3 (*)
|    |    |    +--- org.springframework:spring-expression:6.2.3 (*)
|    |    |    \--- io.micrometer:micrometer-observation:1.14.4 (*)
|    |    +--- org.springframework:spring-aop:6.2.3 (*)
|    |    +--- org.springframework:spring-beans:6.2.3 (*)
|    |    +--- org.springframework:spring-context:6.2.3 (*)
|    |    \--- org.springframework:spring-core:6.2.3 (*)
|    \--- org.springframework.security:spring-security-web:6.4.3
|         +--- org.springframework.security:spring-security-core:6.4.3 (*)
|         +--- org.springframework:spring-core:6.2.3 (*)
|         +--- org.springframework:spring-aop:6.2.3 (*)
|         +--- org.springframework:spring-beans:6.2.3 (*)
|         +--- org.springframework:spring-context:6.2.3 (*)
|         +--- org.springframework:spring-expression:6.2.3 (*)
|         \--- org.springframework:spring-web:6.2.3 (*)
\--- org.springframework.data:spring-data-commons -> 3.4.3
     +--- org.springframework:spring-core:6.2.3 (*)
     +--- org.springframework:spring-beans:6.2.3 (*)
     \--- org.slf4j:slf4j-api:2.0.2 -> 2.0.16

runtimeElements - Runtime elements for the 'main' feature. (n)
No dependencies

runtimeOnly - Runtime-only dependencies for the 'main' feature. (n)
No dependencies

testAndDevelopmentOnly - Configuration for test and development-only dependencies such as Spring Boot's DevTools.
No dependencies

testAnnotationProcessor - Annotation processors and their dependencies for source set 'test'.
No dependencies

testCompileClasspath - Compile classpath for source set 'test'.
+--- org.springframework.boot:spring-boot-starter-web -> 3.4.3
|    +--- org.springframework.boot:spring-boot-starter:3.4.3
|    |    +--- org.springframework.boot:spring-boot:3.4.3
|    |    |    +--- org.springframework:spring-core:6.2.3
|    |    |    |    \--- org.springframework:spring-jcl:6.2.3
|    |    |    \--- org.springframework:spring-context:6.2.3
|    |    |         +--- org.springframework:spring-aop:6.2.3
|    |    |         |    +--- org.springframework:spring-beans:6.2.3
|    |    |         |    |    \--- org.springframework:spring-core:6.2.3 (*)
|    |    |         |    \--- org.springframework:spring-core:6.2.3 (*)
|    |    |         +--- org.springframework:spring-beans:6.2.3 (*)
|    |    |         +--- org.springframework:spring-core:6.2.3 (*)
|    |    |         +--- org.springframework:spring-expression:6.2.3
|    |    |         |    \--- org.springframework:spring-core:6.2.3 (*)
|    |    |         \--- io.micrometer:micrometer-observation:1.14.4
|    |    |              \--- io.micrometer:micrometer-commons:1.14.4
|    |    +--- org.springframework.boot:spring-boot-autoconfigure:3.4.3
|    |    |    \--- org.springframework.boot:spring-boot:3.4.3 (*)
|    |    +--- org.springframework.boot:spring-boot-starter-logging:3.4.3
|    |    |    +--- ch.qos.logback:logback-classic:1.5.16
|    |    |    |    +--- ch.qos.logback:logback-core:1.5.16
|    |    |    |    \--- org.slf4j:slf4j-api:2.0.16
|    |    |    +--- org.apache.logging.log4j:log4j-to-slf4j:2.24.3
|    |    |    |    +--- org.apache.logging.log4j:log4j-api:2.24.3
|    |    |    |    \--- org.slf4j:slf4j-api:2.0.16
|    |    |    \--- org.slf4j:jul-to-slf4j:2.0.16
|    |    |         \--- org.slf4j:slf4j-api:2.0.16
|    |    +--- jakarta.annotation:jakarta.annotation-api:2.1.1
|    |    +--- org.springframework:spring-core:6.2.3 (*)
|    |    \--- org.yaml:snakeyaml:2.3
|    +--- org.springframework.boot:spring-boot-starter-json:3.4.3
|    |    +--- org.springframework.boot:spring-boot-starter:3.4.3 (*)
|    |    +--- org.springframework:spring-web:6.2.3
|    |    |    +--- org.springframework:spring-beans:6.2.3 (*)
|    |    |    +--- org.springframework:spring-core:6.2.3 (*)
|    |    |    \--- io.micrometer:micrometer-observation:1.14.4 (*)
|    |    +--- com.fasterxml.jackson.core:jackson-databind:2.18.2
|    |    |    +--- com.fasterxml.jackson.core:jackson-annotations:2.18.2
|    |    |    |    \--- com.fasterxml.jackson:jackson-bom:2.18.2
|    |    |    |         +--- com.fasterxml.jackson.core:jackson-annotations:2.18.2 (c)
|    |    |    |         +--- com.fasterxml.jackson.core:jackson-core:2.18.2 (c)
|    |    |    |         +--- com.fasterxml.jackson.core:jackson-databind:2.18.2 (c)
|    |    |    |         +--- com.fasterxml.jackson.datatype:jackson-datatype-jdk8:2.18.2 (c)
|    |    |    |         +--- com.fasterxml.jackson.datatype:jackson-datatype-jsr310:2.18.2 (c)
|    |    |    |         \--- com.fasterxml.jackson.module:jackson-module-parameter-names:2.18.2 (c)
|    |    |    +--- com.fasterxml.jackson.core:jackson-core:2.18.2
|    |    |    |    \--- com.fasterxml.jackson:jackson-bom:2.18.2 (*)
|    |    |    \--- com.fasterxml.jackson:jackson-bom:2.18.2 (*)
|    |    +--- com.fasterxml.jackson.datatype:jackson-datatype-jdk8:2.18.2
|    |    |    +--- com.fasterxml.jackson.core:jackson-core:2.18.2 (*)
|    |    |    +--- com.fasterxml.jackson.core:jackson-databind:2.18.2 (*)
|    |    |    \--- com.fasterxml.jackson:jackson-bom:2.18.2 (*)
|    |    +--- com.fasterxml.jackson.datatype:jackson-datatype-jsr310:2.18.2
|    |    |    +--- com.fasterxml.jackson.core:jackson-annotations:2.18.2 (*)
|    |    |    +--- com.fasterxml.jackson.core:jackson-core:2.18.2 (*)
|    |    |    +--- com.fasterxml.jackson.core:jackson-databind:2.18.2 (*)
|    |    |    \--- com.fasterxml.jackson:jackson-bom:2.18.2 (*)
|    |    \--- com.fasterxml.jackson.module:jackson-module-parameter-names:2.18.2
|    |         +--- com.fasterxml.jackson.core:jackson-core:2.18.2 (*)
|    |         +--- com.fasterxml.jackson.core:jackson-databind:2.18.2 (*)
|    |         \--- com.fasterxml.jackson:jackson-bom:2.18.2 (*)
|    +--- org.springframework.boot:spring-boot-starter-tomcat:3.4.3
|    |    +--- jakarta.annotation:jakarta.annotation-api:2.1.1
|    |    +--- org.apache.tomcat.embed:tomcat-embed-core:10.1.36
|    |    +--- org.apache.tomcat.embed:tomcat-embed-el:10.1.36
|    |    \--- org.apache.tomcat.embed:tomcat-embed-websocket:10.1.36
|    |         \--- org.apache.tomcat.embed:tomcat-embed-core:10.1.36
|    +--- org.springframework:spring-web:6.2.3 (*)
|    \--- org.springframework:spring-webmvc:6.2.3
|         +--- org.springframework:spring-aop:6.2.3 (*)
|         +--- org.springframework:spring-beans:6.2.3 (*)
|         +--- org.springframework:spring-context:6.2.3 (*)
|         +--- org.springframework:spring-core:6.2.3 (*)
|         +--- org.springframework:spring-expression:6.2.3 (*)
|         \--- org.springframework:spring-web:6.2.3 (*)
+--- org.springframework.boot:spring-boot-starter-validation -> 3.4.3
|    +--- org.springframework.boot:spring-boot-starter:3.4.3 (*)
|    +--- org.apache.tomcat.embed:tomcat-embed-el:10.1.36
|    \--- org.hibernate.validator:hibernate-validator:8.0.2.Final
|         +--- jakarta.validation:jakarta.validation-api:3.0.2
|         +--- org.jboss.logging:jboss-logging:3.4.3.Final -> 3.6.1.Final
|         \--- com.fasterxml:classmate:1.5.1 -> 1.7.0
+--- org.springframework.boot:spring-boot-starter-thymeleaf -> 3.4.3
|    +--- org.springframework.boot:spring-boot-starter:3.4.3 (*)
|    \--- org.thymeleaf:thymeleaf-spring6:3.1.3.RELEASE
|         +--- org.thymeleaf:thymeleaf:3.1.3.RELEASE
|         |    +--- org.attoparser:attoparser:2.0.7.RELEASE
|         |    +--- org.unbescape:unbescape:1.1.6.RELEASE
|         |    \--- org.slf4j:slf4j-api:2.0.16
|         \--- org.slf4j:slf4j-api:2.0.16
+--- org.springframework.boot:spring-boot-starter-security -> 3.4.3
|    +--- org.springframework.boot:spring-boot-starter:3.4.3 (*)
|    +--- org.springframework:spring-aop:6.2.3 (*)
|    +--- org.springframework.security:spring-security-config:6.4.3
|    |    +--- org.springframework.security:spring-security-core:6.4.3
|    |    |    +--- org.springframework.security:spring-security-crypto:6.4.3
|    |    |    +--- org.springframework:spring-aop:6.2.3 (*)
|    |    |    +--- org.springframework:spring-beans:6.2.3 (*)
|    |    |    +--- org.springframework:spring-context:6.2.3 (*)
|    |    |    +--- org.springframework:spring-core:6.2.3 (*)
|    |    |    +--- org.springframework:spring-expression:6.2.3 (*)
|    |    |    \--- io.micrometer:micrometer-observation:1.14.4 (*)
|    |    +--- org.springframework:spring-aop:6.2.3 (*)
|    |    +--- org.springframework:spring-beans:6.2.3 (*)
|    |    +--- org.springframework:spring-context:6.2.3 (*)
|    |    \--- org.springframework:spring-core:6.2.3 (*)
|    \--- org.springframework.security:spring-security-web:6.4.3
|         +--- org.springframework.security:spring-security-core:6.4.3 (*)
|         +--- org.springframework:spring-core:6.2.3 (*)
|         +--- org.springframework:spring-aop:6.2.3 (*)
|         +--- org.springframework:spring-beans:6.2.3 (*)
|         +--- org.springframework:spring-context:6.2.3 (*)
|         +--- org.springframework:spring-expression:6.2.3 (*)
|         \--- org.springframework:spring-web:6.2.3 (*)
+--- org.springframework.data:spring-data-commons -> 3.4.3
|    +--- org.springframework:spring-core:6.2.3 (*)
|    +--- org.springframework:spring-beans:6.2.3 (*)
|    \--- org.slf4j:slf4j-api:2.0.2 -> 2.0.16
\--- org.springframework.boot:spring-boot-starter-test -> 3.4.3
     +--- org.springframework.boot:spring-boot-starter:3.4.3 (*)
     +--- org.springframework.boot:spring-boot-test:3.4.3
     |    +--- org.springframework.boot:spring-boot:3.4.3 (*)
     |    \--- org.springframework:spring-test:6.2.3
     |         \--- org.springframework:spring-core:6.2.3 (*)
     +--- org.springframework.boot:spring-boot-test-autoconfigure:3.4.3
     |    +--- org.springframework.boot:spring-boot:3.4.3 (*)
     |    +--- org.springframework.boot:spring-boot-test:3.4.3 (*)
     |    \--- org.springframework.boot:spring-boot-autoconfigure:3.4.3 (*)
     +--- com.jayway.jsonpath:json-path:2.9.0
     +--- jakarta.xml.bind:jakarta.xml.bind-api:4.0.2
     |    \--- jakarta.activation:jakarta.activation-api:2.1.3
     +--- net.minidev:json-smart:2.5.2
     |    \--- net.minidev:accessors-smart:2.5.2
     |         \--- org.ow2.asm:asm:9.7.1
     +--- org.assertj:assertj-core:3.26.3
     |    \--- net.bytebuddy:byte-buddy:1.14.18 -> 1.15.11
     +--- org.awaitility:awaitility:4.2.2
     |    \--- org.hamcrest:hamcrest:2.1 -> 2.2
     +--- org.hamcrest:hamcrest:2.2
     +--- org.junit.jupiter:junit-jupiter:5.11.4
     |    +--- org.junit:junit-bom:5.11.4
     |    |    +--- org.junit.jupiter:junit-jupiter:5.11.4 (c)
     |    |    +--- org.junit.jupiter:junit-jupiter-api:5.11.4 (c)
     |    |    +--- org.junit.jupiter:junit-jupiter-params:5.11.4 (c)
     |    |    \--- org.junit.platform:junit-platform-commons:1.11.4 (c)
     |    +--- org.junit.jupiter:junit-jupiter-api:5.11.4
     |    |    +--- org.junit:junit-bom:5.11.4 (*)
     |    |    +--- org.opentest4j:opentest4j:1.3.0
     |    |    +--- org.junit.platform:junit-platform-commons:1.11.4
     |    |    |    +--- org.junit:junit-bom:5.11.4 (*)
     |    |    |    \--- org.apiguardian:apiguardian-api:1.1.2
     |    |    \--- org.apiguardian:apiguardian-api:1.1.2
     |    \--- org.junit.jupiter:junit-jupiter-params:5.11.4
     |         +--- org.junit:junit-bom:5.11.4 (*)
     |         +--- org.junit.jupiter:junit-jupiter-api:5.11.4 (*)
     |         \--- org.apiguardian:apiguardian-api:1.1.2
     +--- org.mockito:mockito-core:5.14.2
     |    +--- net.bytebuddy:byte-buddy:1.15.4 -> 1.15.11
     |    \--- net.bytebuddy:byte-buddy-agent:1.15.4 -> 1.15.11
     +--- org.mockito:mockito-junit-jupiter:5.14.2
     |    \--- org.mockito:mockito-core:5.14.2 (*)
     +--- org.skyscreamer:jsonassert:1.5.3
     |    \--- com.vaadin.external.google:android-json:0.0.20131108.vaadin1
     +--- org.springframework:spring-core:6.2.3 (*)
     +--- org.springframework:spring-test:6.2.3 (*)
     \--- org.xmlunit:xmlunit-core:2.10.0

testCompileOnly - Compile only dependencies for source set 'test'. (n)
No dependencies

testImplementation - Implementation only dependencies for source set 'test'. (n)
\--- org.springframework.boot:spring-boot-starter-test (n)

testRuntimeClasspath - Runtime classpath of source set 'test'.
+--- org.springframework.boot:spring-boot-starter-web -> 3.4.3
|    +--- org.springframework.boot:spring-boot-starter:3.4.3
|    |    +--- org.springframework.boot:spring-boot:3.4.3
|    |    |    +--- org.springframework:spring-core:6.2.3
|    |    |    |    \--- org.springframework:spring-jcl:6.2.3
|    |    |    \--- org.springframework:spring-context:6.2.3
|    |    |         +--- org.springframework:spring-aop:6.2.3
|    |    |         |    +--- org.springframework:spring-beans:6.2.3
|    |    |         |    |    \--- org.springframework:spring-core:6.2.3 (*)
|    |    |         |    \--- org.springframework:spring-core:6.2.3 (*)
|    |    |         +--- org.springframework:spring-beans:6.2.3 (*)
|    |    |         +--- org.springframework:spring-core:6.2.3 (*)
|    |    |         +--- org.springframework:spring-expression:6.2.3
|    |    |         |    \--- org.springframework:spring-core:6.2.3 (*)
|    |    |         \--- io.micrometer:micrometer-observation:1.14.4
|    |    |              \--- io.micrometer:micrometer-commons:1.14.4
|    |    +--- org.springframework.boot:spring-boot-autoconfigure:3.4.3
|    |    |    \--- org.springframework.boot:spring-boot:3.4.3 (*)
|    |    +--- org.springframework.boot:spring-boot-starter-logging:3.4.3
|    |    |    +--- ch.qos.logback:logback-classic:1.5.16
|    |    |    |    +--- ch.qos.logback:logback-core:1.5.16
|    |    |    |    \--- org.slf4j:slf4j-api:2.0.16
|    |    |    +--- org.apache.logging.log4j:log4j-to-slf4j:2.24.3
|    |    |    |    +--- org.apache.logging.log4j:log4j-api:2.24.3
|    |    |    |    \--- org.slf4j:slf4j-api:2.0.16
|    |    |    \--- org.slf4j:jul-to-slf4j:2.0.16
|    |    |         \--- org.slf4j:slf4j-api:2.0.16
|    |    +--- jakarta.annotation:jakarta.annotation-api:2.1.1
|    |    +--- org.springframework:spring-core:6.2.3 (*)
|    |    \--- org.yaml:snakeyaml:2.3
|    +--- org.springframework.boot:spring-boot-starter-json:3.4.3
|    |    +--- org.springframework.boot:spring-boot-starter:3.4.3 (*)
|    |    +--- org.springframework:spring-web:6.2.3
|    |    |    +--- org.springframework:spring-beans:6.2.3 (*)
|    |    |    +--- org.springframework:spring-core:6.2.3 (*)
|    |    |    \--- io.micrometer:micrometer-observation:1.14.4 (*)
|    |    +--- com.fasterxml.jackson.core:jackson-databind:2.18.2
|    |    |    +--- com.fasterxml.jackson.core:jackson-annotations:2.18.2
|    |    |    |    \--- com.fasterxml.jackson:jackson-bom:2.18.2
|    |    |    |         +--- com.fasterxml.jackson.core:jackson-annotations:2.18.2 (c)
|    |    |    |         +--- com.fasterxml.jackson.core:jackson-core:2.18.2 (c)
|    |    |    |         +--- com.fasterxml.jackson.core:jackson-databind:2.18.2 (c)
|    |    |    |         +--- com.fasterxml.jackson.datatype:jackson-datatype-jdk8:2.18.2 (c)
|    |    |    |         +--- com.fasterxml.jackson.datatype:jackson-datatype-jsr310:2.18.2 (c)
|    |    |    |         \--- com.fasterxml.jackson.module:jackson-module-parameter-names:2.18.2 (c)
|    |    |    +--- com.fasterxml.jackson.core:jackson-core:2.18.2
|    |    |    |    \--- com.fasterxml.jackson:jackson-bom:2.18.2 (*)
|    |    |    \--- com.fasterxml.jackson:jackson-bom:2.18.2 (*)
|    |    +--- com.fasterxml.jackson.datatype:jackson-datatype-jdk8:2.18.2
|    |    |    +--- com.fasterxml.jackson.core:jackson-core:2.18.2 (*)
|    |    |    +--- com.fasterxml.jackson.core:jackson-databind:2.18.2 (*)
|    |    |    \--- com.fasterxml.jackson:jackson-bom:2.18.2 (*)
|    |    +--- com.fasterxml.jackson.datatype:jackson-datatype-jsr310:2.18.2
|    |    |    +--- com.fasterxml.jackson.core:jackson-annotations:2.18.2 (*)
|    |    |    +--- com.fasterxml.jackson.core:jackson-core:2.18.2 (*)
|    |    |    +--- com.fasterxml.jackson.core:jackson-databind:2.18.2 (*)
|    |    |    \--- com.fasterxml.jackson:jackson-bom:2.18.2 (*)
|    |    \--- com.fasterxml.jackson.module:jackson-module-parameter-names:2.18.2
|    |         +--- com.fasterxml.jackson.core:jackson-core:2.18.2 (*)
|    |         +--- com.fasterxml.jackson.core:jackson-databind:2.18.2 (*)
|    |         \--- com.fasterxml.jackson:jackson-bom:2.18.2 (*)
|    +--- org.springframework.boot:spring-boot-starter-tomcat:3.4.3
|    |    +--- jakarta.annotation:jakarta.annotation-api:2.1.1
|    |    +--- org.apache.tomcat.embed:tomcat-embed-core:10.1.36
|    |    +--- org.apache.tomcat.embed:tomcat-embed-el:10.1.36
|    |    \--- org.apache.tomcat.embed:tomcat-embed-websocket:10.1.36
|    |         \--- org.apache.tomcat.embed:tomcat-embed-core:10.1.36
|    +--- org.springframework:spring-web:6.2.3 (*)
|    \--- org.springframework:spring-webmvc:6.2.3
|         +--- org.springframework:spring-aop:6.2.3 (*)
|         +--- org.springframework:spring-beans:6.2.3 (*)
|         +--- org.springframework:spring-context:6.2.3 (*)
|         +--- org.springframework:spring-core:6.2.3 (*)
|         +--- org.springframework:spring-expression:6.2.3 (*)
|         \--- org.springframework:spring-web:6.2.3 (*)
+--- org.springframework.boot:spring-boot-starter-validation -> 3.4.3
|    +--- org.springframework.boot:spring-boot-starter:3.4.3 (*)
|    +--- org.apache.tomcat.embed:tomcat-embed-el:10.1.36
|    \--- org.hibernate.validator:hibernate-validator:8.0.2.Final
|         +--- jakarta.validation:jakarta.validation-api:3.0.2
|         +--- org.jboss.logging:jboss-logging:3.4.3.Final -> 3.6.1.Final
|         \--- com.fasterxml:classmate:1.5.1 -> 1.7.0
+--- org.springframework.boot:spring-boot-starter-thymeleaf -> 3.4.3
|    +--- org.springframework.boot:spring-boot-starter:3.4.3 (*)
|    \--- org.thymeleaf:thymeleaf-spring6:3.1.3.RELEASE
|         +--- org.thymeleaf:thymeleaf:3.1.3.RELEASE
|         |    +--- org.attoparser:attoparser:2.0.7.RELEASE
|         |    +--- org.unbescape:unbescape:1.1.6.RELEASE
|         |    \--- org.slf4j:slf4j-api:2.0.16
|         \--- org.slf4j:slf4j-api:2.0.16
+--- org.springframework.boot:spring-boot-starter-security -> 3.4.3
|    +--- org.springframework.boot:spring-boot-starter:3.4.3 (*)
|    +--- org.springframework:spring-aop:6.2.3 (*)
|    +--- org.springframework.security:spring-security-config:6.4.3
|    |    +--- org.springframework.security:spring-security-core:6.4.3
|    |    |    +--- org.springframework.security:spring-security-crypto:6.4.3
|    |    |    +--- org.springframework:spring-aop:6.2.3 (*)
|    |    |    +--- org.springframework:spring-beans:6.2.3 (*)
|    |    |    +--- org.springframework:spring-context:6.2.3 (*)
|    |    |    +--- org.springframework:spring-core:6.2.3 (*)
|    |    |    +--- org.springframework:spring-expression:6.2.3 (*)
|    |    |    \--- io.micrometer:micrometer-observation:1.14.4 (*)
|    |    +--- org.springframework:spring-aop:6.2.3 (*)
|    |    +--- org.springframework:spring-beans:6.2.3 (*)
|    |    +--- org.springframework:spring-context:6.2.3 (*)
|    |    \--- org.springframework:spring-core:6.2.3 (*)
|    \--- org.springframework.security:spring-security-web:6.4.3
|         +--- org.springframework.security:spring-security-core:6.4.3 (*)
|         +--- org.springframework:spring-core:6.2.3 (*)
|         +--- org.springframework:spring-aop:6.2.3 (*)
|         +--- org.springframework:spring-beans:6.2.3 (*)
|         +--- org.springframework:spring-context:6.2.3 (*)
|         +--- org.springframework:spring-expression:6.2.3 (*)
|         \--- org.springframework:spring-web:6.2.3 (*)
+--- org.springframework.data:spring-data-commons -> 3.4.3
|    +--- org.springframework:spring-core:6.2.3 (*)
|    +--- org.springframework:spring-beans:6.2.3 (*)
|    \--- org.slf4j:slf4j-api:2.0.2 -> 2.0.16
\--- org.springframework.boot:spring-boot-starter-test -> 3.4.3
     +--- org.springframework.boot:spring-boot-starter:3.4.3 (*)
     +--- org.springframework.boot:spring-boot-test:3.4.3
     |    +--- org.springframework.boot:spring-boot:3.4.3 (*)
     |    \--- org.springframework:spring-test:6.2.3
     |         \--- org.springframework:spring-core:6.2.3 (*)
     +--- org.springframework.boot:spring-boot-test-autoconfigure:3.4.3
     |    +--- org.springframework.boot:spring-boot:3.4.3 (*)
     |    +--- org.springframework.boot:spring-boot-test:3.4.3 (*)
     |    \--- org.springframework.boot:spring-boot-autoconfigure:3.4.3 (*)
     +--- com.jayway.jsonpath:json-path:2.9.0
     |    +--- net.minidev:json-smart:2.5.0 -> 2.5.2
     |    |    \--- net.minidev:accessors-smart:2.5.2
     |    |         \--- org.ow2.asm:asm:9.7.1
     |    \--- org.slf4j:slf4j-api:2.0.11 -> 2.0.16
     +--- jakarta.xml.bind:jakarta.xml.bind-api:4.0.2
     |    \--- jakarta.activation:jakarta.activation-api:2.1.3
     +--- net.minidev:json-smart:2.5.2 (*)
     +--- org.assertj:assertj-core:3.26.3
     |    \--- net.bytebuddy:byte-buddy:1.14.18 -> 1.15.11
     +--- org.awaitility:awaitility:4.2.2
     |    \--- org.hamcrest:hamcrest:2.1 -> 2.2
     +--- org.hamcrest:hamcrest:2.2
     +--- org.junit.jupiter:junit-jupiter:5.11.4
     |    +--- org.junit:junit-bom:5.11.4
     |    |    +--- org.junit.jupiter:junit-jupiter:5.11.4 (c)
     |    |    +--- org.junit.jupiter:junit-jupiter-api:5.11.4 (c)
     |    |    +--- org.junit.jupiter:junit-jupiter-engine:5.11.4 (c)
     |    |    +--- org.junit.jupiter:junit-jupiter-params:5.11.4 (c)
     |    |    +--- org.junit.platform:junit-platform-engine:1.11.4 (c)
     |    |    +--- org.junit.platform:junit-platform-launcher:1.11.4 (c)
     |    |    \--- org.junit.platform:junit-platform-commons:1.11.4 (c)
     |    +--- org.junit.jupiter:junit-jupiter-api:5.11.4
     |    |    +--- org.junit:junit-bom:5.11.4 (*)
     |    |    +--- org.opentest4j:opentest4j:1.3.0
     |    |    \--- org.junit.platform:junit-platform-commons:1.11.4
     |    |         \--- org.junit:junit-bom:5.11.4 (*)
     |    +--- org.junit.jupiter:junit-jupiter-params:5.11.4
     |    |    +--- org.junit:junit-bom:5.11.4 (*)
     |    |    \--- org.junit.jupiter:junit-jupiter-api:5.11.4 (*)
     |    \--- org.junit.jupiter:junit-jupiter-engine:5.11.4
     |         +--- org.junit:junit-bom:5.11.4 (*)
     |         +--- org.junit.platform:junit-platform-engine:1.11.4
     |         |    +--- org.junit:junit-bom:5.11.4 (*)
     |         |    +--- org.opentest4j:opentest4j:1.3.0
     |         |    \--- org.junit.platform:junit-platform-commons:1.11.4 (*)
     |         \--- org.junit.jupiter:junit-jupiter-api:5.11.4 (*)
     +--- org.mockito:mockito-core:5.14.2
     |    +--- net.bytebuddy:byte-buddy:1.15.4 -> 1.15.11
     |    +--- net.bytebuddy:byte-buddy-agent:1.15.4 -> 1.15.11
     |    \--- org.objenesis:objenesis:3.3
     +--- org.mockito:mockito-junit-jupiter:5.14.2
     |    +--- org.mockito:mockito-core:5.14.2 (*)
     |    \--- org.junit.jupiter:junit-jupiter-api:5.11.2 -> 5.11.4 (*)
     +--- org.skyscreamer:jsonassert:1.5.3
     |    \--- com.vaadin.external.google:android-json:0.0.20131108.vaadin1
     +--- org.springframework:spring-core:6.2.3 (*)
     +--- org.springframework:spring-test:6.2.3 (*)
     +--- org.xmlunit:xmlunit-core:2.10.0
     \--- org.junit.platform:junit-platform-launcher -> 1.11.4
          +--- org.junit:junit-bom:5.11.4 (*)
          \--- org.junit.platform:junit-platform-engine:1.11.4 (*)

testRuntimeOnly - Runtime only dependencies for source set 'test'. (n)
No dependencies

(c) - A dependency constraint, not a dependency. The dependency affected by the constraint occurs elsewhere in the tree.
(*) - Indicates repeated occurrences of a transitive dependency subtree. Gradle expands transitive dependency subtrees only once per project; repeat occurrences only display the root of the subtree, followed by this annotation.

(n) - A dependency or dependency configuration that cannot be resolved.

A web-based, searchable dependency report is available by adding the --scan option.

BUILD SUCCESSFUL in 11s
1 actionable task: 1 executed
Consider enabling configuration cache to speed up this build: https://docs.gradle.org/9.0.0/userguide/configuration_cache_enabling.html
2026-02-07T14:48:41.153+0100 [DEBUG] [org.gradle.launcher.daemon.server.exec.ExecuteBuild] The daemon has finished executing the build.
2026-02-07T14:48:41.162+0100 [DEBUG] [org.gradle.launcher.daemon.server.DaemonStateCoordinator] daemon stop has been requested. Sleeping until state changes.
2026-02-07T14:48:41.162+0100 [DEBUG] [org.gradle.launcher.daemon.server.DaemonStateCoordinator] Command execution: finished waiting for DaemonCommandExecution[command = Build{id=8df3a226-8daf-4b75-8101-af70cda27b4e, currentDir=/home/mnich/Dokumenty/Studia/PBs-InformatykaStosowana/Programowanie zwinne/GitHub/Front_project_FULL}, connection = DefaultDaemonConnection: socket connection from /127.0.0.1:43331 to /127.0.0.1:53590]. Result org.gradle.launcher.daemon.server.DaemonStateCoordinator@3aba860d with state StopRequested
2026-02-07T14:48:41.162+0100 [DEBUG] [org.gradle.launcher.daemon.server.DaemonStateCoordinator] Command execution: completed DaemonCommandExecution[command = Build{id=8df3a226-8daf-4b75-8101-af70cda27b4e, currentDir=/home/mnich/Dokumenty/Studia/PBs-InformatykaStosowana/Programowanie zwinne/GitHub/Front_project_FULL}, connection = DefaultDaemonConnection: socket connection from /127.0.0.1:43331 to /127.0.0.1:53590]
2026-02-07T14:48:41.162+0100 [DEBUG] [org.gradle.launcher.daemon.server.DaemonStateCoordinator] resetting idle timer
2026-02-07T14:48:41.162+0100 [DEBUG] [org.gradle.launcher.daemon.server.DaemonStateCoordinator] Marking daemon stopped due to command completed and stop requested. The daemon is not running a build
2026-02-07T14:48:41.162+0100 [DEBUG] [org.gradle.launcher.daemon.server.DaemonStateCoordinator] daemon has stopped.
2026-02-07T14:48:41.163+0100 [DEBUG] [org.gradle.launcher.daemon.server.exec.ReturnResult] Daemon is dispatching the build result: Success[value=org.gradle.launcher.exec.BuildActionResult@330c77f]
2026-02-07T14:48:41.163+0100 [DEBUG] [org.gradle.launcher.daemon.server.SynchronizedDispatchConnection] thread 36: dispatching Success[value=org.gradle.launcher.exec.BuildActionResult@330c77f]
2026-02-07T14:48:41.163+0100 [DEBUG] [org.gradle.launcher.daemon.server.Daemon] stop() called on daemon
2026-02-07T14:48:41.163+0100 [INFO] [org.gradle.launcher.daemon.server.Daemon] Stop requested. Daemon is removing its presence from the registry...
2026-02-07T14:48:41.164+0100 [DEBUG] [org.gradle.launcher.daemon.server.DaemonRegistryUpdater] Removing our presence to clients, eg. removing this address from the registry: [6434cb64-f4a4-42b8-a6f4-785ca99c5878 port:43331, addresses:[localhost/127.0.0.1]]
2026-02-07T14:48:41.164+0100 [DEBUG] [org.gradle.launcher.daemon.server.exec.CleanUpVirtualFileSystemAfterBuild] Cleaning virtual file system after build finished
2026-02-07T14:48:41.164+0100 [DEBUG] [org.gradle.launcher.daemon.registry.PersistentDaemonRegistry] Removing daemon address: [6434cb64-f4a4-42b8-a6f4-785ca99c5878 port:43331, addresses:[localhost/127.0.0.1]]
2026-02-07T14:48:41.164+0100 [DEBUG] [org.gradle.launcher.daemon.server.DefaultIncomingConnectionHandler] Finishing executing command: Build{id=8df3a226-8daf-4b75-8101-af70cda27b4e, currentDir=/home/mnich/Dokumenty/Studia/PBs-InformatykaStosowana/Programowanie zwinne/GitHub/Front_project_FULL}
2026-02-07T14:48:41.164+0100 [DEBUG] [org.gradle.launcher.daemon.server.SynchronizedDispatchConnection] thread 37: received class org.gradle.launcher.daemon.protocol.CloseInput
2026-02-07T14:48:41.164+0100 [DEBUG] [org.gradle.launcher.daemon.server.DefaultDaemonConnection] thread 37: Received IO message from client: org.gradle.launcher.daemon.protocol.CloseInput@438fa6e9
2026-02-07T14:48:41.165+0100 [DEBUG] [org.gradle.cache.internal.DefaultFileLockManager] Waiting to acquire exclusive lock on daemon addresses registry.
2026-02-07T14:48:41.165+0100 [DEBUG] [org.gradle.cache.internal.DefaultFileLockManager] Lock acquired on daemon addresses registry.
2026-02-07T14:48:41.166+0100 [DEBUG] [org.gradle.cache.internal.DefaultFileLockManager] Releasing lock on daemon addresses registry.
2026-02-07T14:48:41.166+0100 [DEBUG] [org.gradle.launcher.daemon.server.DaemonRegistryUpdater] Address removed from registry.
2026-02-07T14:48:41.206+0100 [DEBUG] [org.gradle.launcher.daemon.server.SynchronizedDispatchConnection] thread 37: received class org.gradle.launcher.daemon.protocol.Finished
2026-02-07T14:48:41.206+0100 [DEBUG] [org.gradle.launcher.daemon.server.DefaultDaemonConnection] thread 37: Received non-IO message from client: org.gradle.launcher.daemon.protocol.Finished@62da12
2026-02-07T14:48:41.206+0100 [DEBUG] [org.gradle.launcher.daemon.server.DefaultIncomingConnectionHandler] Received finished message: org.gradle.launcher.daemon.protocol.Finished@62da12
2026-02-07T14:48:41.206+0100 [DEBUG] [org.gradle.launcher.daemon.server.SynchronizedDispatchConnection] thread 36: stopping connection
2026-02-07T14:48:41.207+0100 [DEBUG] [org.gradle.internal.remote.internal.inet.SocketConnection] Discarding EOFException: java.io.EOFException
2026-02-07T14:48:41.207+0100 [DEBUG] [org.gradle.launcher.daemon.server.SynchronizedDispatchConnection] thread 37: received null
2026-02-07T14:48:41.207+0100 [DEBUG] [org.gradle.launcher.daemon.server.DefaultDaemonConnection] thread 37: Received end-of-input from client.
2026-02-07T14:48:41.208+0100 [DEBUG] [org.gradle.launcher.daemon.server.SynchronizedDispatchConnection] thread 36: stopping connection
2026-02-07T14:48:41.209+0100 [DEBUG] [org.gradle.cache.internal.LockOnDemandCrossProcessCacheAccess] Releasing file lock for jars (/home/mnich/Dokumenty/Studia/PBs-InformatykaStosowana/Programowanie zwinne/GitHub/Front_project_FULL/.gradle-user/caches/jars-9)
2026-02-07T14:48:41.209+0100 [DEBUG] [org.gradle.cache.internal.DefaultFileLockManager] Releasing lock on jars (/home/mnich/Dokumenty/Studia/PBs-InformatykaStosowana/Programowanie zwinne/GitHub/Front_project_FULL/.gradle-user/caches/jars-9).
2026-02-07T14:48:41.209+0100 [DEBUG] [org.gradle.cache.internal.DefaultCacheCleanupExecutor] jars (/home/mnich/Dokumenty/Studia/PBs-InformatykaStosowana/Programowanie zwinne/GitHub/Front_project_FULL/.gradle-user/caches/jars-9) has last been fully cleaned up 0 hours ago
2026-02-07T14:48:41.210+0100 [DEBUG] [org.gradle.cache.internal.DefaultCacheCleanupExecutor] Skipping cleanup for jars (/home/mnich/Dokumenty/Studia/PBs-InformatykaStosowana/Programowanie zwinne/GitHub/Front_project_FULL/.gradle-user/caches/jars-9) as it is not yet due
2026-02-07T14:48:41.210+0100 [DEBUG] [org.gradle.cache.internal.LockOnDemandCrossProcessCacheAccess] Releasing file lock for file content cache (/home/mnich/Dokumenty/Studia/PBs-InformatykaStosowana/Programowanie zwinne/GitHub/Front_project_FULL/.gradle-user/caches/9.0.0/fileContent)
2026-02-07T14:48:41.210+0100 [DEBUG] [org.gradle.cache.internal.DefaultFileLockManager] Releasing lock on file content cache (/home/mnich/Dokumenty/Studia/PBs-InformatykaStosowana/Programowanie zwinne/GitHub/Front_project_FULL/.gradle-user/caches/9.0.0/fileContent).
2026-02-07T14:48:41.210+0100 [DEBUG] [org.gradle.internal.watch.vfs.impl.WatchingVirtualFileSystem] Closing VFS, dropping state
2026-02-07T14:48:41.211+0100 [DEBUG] [org.gradle.internal.watch.registry.impl.DefaultFileWatcherRegistry] Finished listening to file system change events
2026-02-07T14:48:41.211+0100 [DEBUG] [org.gradle.cache.internal.DefaultCacheCoordinator] Cache Generated Gradle JARs cache (/home/mnich/Dokumenty/Studia/PBs-InformatykaStosowana/Programowanie zwinne/GitHub/Front_project_FULL/.gradle-user/caches/9.0.0/generated-gradle-jars) was closed 0 times.
2026-02-07T14:48:41.212+0100 [DEBUG] [org.gradle.cache.internal.LockOnDemandCrossProcessCacheAccess] Releasing file lock for artifact cache (/home/mnich/Dokumenty/Studia/PBs-InformatykaStosowana/Programowanie zwinne/GitHub/Front_project_FULL/.gradle-user/caches/modules-2)
2026-02-07T14:48:41.212+0100 [DEBUG] [org.gradle.cache.internal.btree.BTreePersistentIndexedCache] Closing cache module-artifact.bin (/home/mnich/Dokumenty/Studia/PBs-InformatykaStosowana/Programowanie zwinne/GitHub/Front_project_FULL/.gradle-user/caches/modules-2/metadata-2.107/module-artifact.bin)
2026-02-07T14:48:41.212+0100 [DEBUG] [org.gradle.cache.internal.btree.BTreePersistentIndexedCache] Closing cache module-metadata.bin (/home/mnich/Dokumenty/Studia/PBs-InformatykaStosowana/Programowanie zwinne/GitHub/Front_project_FULL/.gradle-user/caches/modules-2/metadata-2.107/module-metadata.bin)
2026-02-07T14:48:41.212+0100 [DEBUG] [org.gradle.cache.internal.btree.BTreePersistentIndexedCache] Closing cache resource-at-url.bin (/home/mnich/Dokumenty/Studia/PBs-InformatykaStosowana/Programowanie zwinne/GitHub/Front_project_FULL/.gradle-user/caches/modules-2/metadata-2.107/resource-at-url.bin)
2026-02-07T14:48:41.212+0100 [DEBUG] [org.gradle.cache.internal.DefaultFileLockManager] Releasing lock on artifact cache (/home/mnich/Dokumenty/Studia/PBs-InformatykaStosowana/Programowanie zwinne/GitHub/Front_project_FULL/.gradle-user/caches/modules-2).
2026-02-07T14:48:41.213+0100 [DEBUG] [org.gradle.cache.internal.DefaultCacheCleanupExecutor] artifact cache (/home/mnich/Dokumenty/Studia/PBs-InformatykaStosowana/Programowanie zwinne/GitHub/Front_project_FULL/.gradle-user/caches/modules-2) has last been fully cleaned up 0 hours ago
2026-02-07T14:48:41.213+0100 [DEBUG] [org.gradle.cache.internal.DefaultCacheCleanupExecutor] Skipping cleanup for artifact cache (/home/mnich/Dokumenty/Studia/PBs-InformatykaStosowana/Programowanie zwinne/GitHub/Front_project_FULL/.gradle-user/caches/modules-2) as it is not yet due
2026-02-07T14:48:41.213+0100 [DEBUG] [org.gradle.cache.internal.DefaultCacheCleanupExecutor] groovy-dsl (/home/mnich/Dokumenty/Studia/PBs-InformatykaStosowana/Programowanie zwinne/GitHub/Front_project_FULL/.gradle-user/caches/9.0.0/groovy-dsl) has last been fully cleaned up 0 hours ago
2026-02-07T14:48:41.213+0100 [DEBUG] [org.gradle.cache.internal.DefaultCacheCleanupExecutor] Skipping cleanup for groovy-dsl (/home/mnich/Dokumenty/Studia/PBs-InformatykaStosowana/Programowanie zwinne/GitHub/Front_project_FULL/.gradle-user/caches/9.0.0/groovy-dsl) as it is not yet due
2026-02-07T14:48:41.213+0100 [DEBUG] [org.gradle.cache.internal.DefaultCacheCoordinator] Cache groovy-dsl (/home/mnich/Dokumenty/Studia/PBs-InformatykaStosowana/Programowanie zwinne/GitHub/Front_project_FULL/.gradle-user/caches/9.0.0/groovy-dsl) was closed 0 times.
2026-02-07T14:48:41.214+0100 [DEBUG] [org.gradle.cache.internal.DefaultCacheCleanupExecutor] Artifact transforms cache (/home/mnich/Dokumenty/Studia/PBs-InformatykaStosowana/Programowanie zwinne/GitHub/Front_project_FULL/.gradle-user/caches/9.0.0/transforms) has last been fully cleaned up 0 hours ago
2026-02-07T14:48:41.214+0100 [DEBUG] [org.gradle.cache.internal.DefaultCacheCleanupExecutor] Skipping cleanup for Artifact transforms cache (/home/mnich/Dokumenty/Studia/PBs-InformatykaStosowana/Programowanie zwinne/GitHub/Front_project_FULL/.gradle-user/caches/9.0.0/transforms) as it is not yet due
2026-02-07T14:48:41.214+0100 [DEBUG] [org.gradle.cache.internal.DefaultCacheCoordinator] Cache Artifact transforms cache (/home/mnich/Dokumenty/Studia/PBs-InformatykaStosowana/Programowanie zwinne/GitHub/Front_project_FULL/.gradle-user/caches/9.0.0/transforms) was closed 0 times.
2026-02-07T14:48:41.214+0100 [DEBUG] [org.gradle.cache.internal.LockOnDemandCrossProcessCacheAccess] Releasing file lock for journal cache (/home/mnich/Dokumenty/Studia/PBs-InformatykaStosowana/Programowanie zwinne/GitHub/Front_project_FULL/.gradle-user/caches/journal-1)
2026-02-07T14:48:41.214+0100 [DEBUG] [org.gradle.cache.internal.btree.BTreePersistentIndexedCache] Closing cache file-access.bin (/home/mnich/Dokumenty/Studia/PBs-InformatykaStosowana/Programowanie zwinne/GitHub/Front_project_FULL/.gradle-user/caches/journal-1/file-access.bin)
2026-02-07T14:48:41.215+0100 [DEBUG] [org.gradle.cache.internal.DefaultFileLockManager] Releasing lock on journal cache (/home/mnich/Dokumenty/Studia/PBs-InformatykaStosowana/Programowanie zwinne/GitHub/Front_project_FULL/.gradle-user/caches/journal-1).
2026-02-07T14:48:41.215+0100 [DEBUG] [org.gradle.cache.internal.LockOnDemandCrossProcessCacheAccess] Releasing file lock for file hash cache (/home/mnich/Dokumenty/Studia/PBs-InformatykaStosowana/Programowanie zwinne/GitHub/Front_project_FULL/.gradle-user/caches/9.0.0/fileHashes)
2026-02-07T14:48:41.215+0100 [DEBUG] [org.gradle.cache.internal.btree.BTreePersistentIndexedCache] Closing cache fileHashes.bin (/home/mnich/Dokumenty/Studia/PBs-InformatykaStosowana/Programowanie zwinne/GitHub/Front_project_FULL/.gradle-user/caches/9.0.0/fileHashes/fileHashes.bin)
2026-02-07T14:48:41.215+0100 [DEBUG] [org.gradle.cache.internal.btree.BTreePersistentIndexedCache] Closing cache resourceHashesCache.bin (/home/mnich/Dokumenty/Studia/PBs-InformatykaStosowana/Programowanie zwinne/GitHub/Front_project_FULL/.gradle-user/caches/9.0.0/fileHashes/resourceHashesCache.bin)
2026-02-07T14:48:41.216+0100 [DEBUG] [org.gradle.cache.internal.DefaultFileLockManager] Releasing lock on file hash cache (/home/mnich/Dokumenty/Studia/PBs-InformatykaStosowana/Programowanie zwinne/GitHub/Front_project_FULL/.gradle-user/caches/9.0.0/fileHashes).
2026-02-07T14:48:41.216+0100 [DEBUG] [org.gradle.internal.operations.DefaultBuildOperationRunner] Build operation 'Deleting unused version-specific caches in /home/mnich/Dokumenty/Studia/PBs-InformatykaStosowana/Programowanie zwinne/GitHub/Front_project_FULL/.gradle-user/caches' started
2026-02-07T14:48:41.217+0100 [DEBUG] [org.gradle.internal.operations.DefaultBuildOperationRunner] Completing Build operation 'Deleting unused version-specific caches in /home/mnich/Dokumenty/Studia/PBs-InformatykaStosowana/Programowanie zwinne/GitHub/Front_project_FULL/.gradle-user/caches'
2026-02-07T14:48:41.217+0100 [DEBUG] [org.gradle.internal.operations.DefaultBuildOperationRunner] Build operation 'Deleting unused version-specific caches in /home/mnich/Dokumenty/Studia/PBs-InformatykaStosowana/Programowanie zwinne/GitHub/Front_project_FULL/.gradle-user/caches' completed
2026-02-07T14:48:41.217+0100 [DEBUG] [org.gradle.launcher.daemon.server.Daemon] stop() called on daemon
2026-02-07T14:48:41.217+0100 [INFO] [org.gradle.launcher.daemon.server.Daemon] Stop requested. Daemon is removing its presence from the registry...
2026-02-07T14:48:41.217+0100 [DEBUG] [org.gradle.launcher.daemon.server.DaemonRegistryUpdater] Removing our presence to clients, eg. removing this address from the registry: [6434cb64-f4a4-42b8-a6f4-785ca99c5878 port:43331, addresses:[localhost/127.0.0.1]]
2026-02-07T14:48:41.217+0100 [DEBUG] [org.gradle.launcher.daemon.registry.PersistentDaemonRegistry] Removing daemon address: [6434cb64-f4a4-42b8-a6f4-785ca99c5878 port:43331, addresses:[localhost/127.0.0.1]]
2026-02-07T14:48:41.217+0100 [DEBUG] [org.gradle.cache.internal.DefaultFileLockManager] Waiting to acquire exclusive lock on daemon addresses registry.
2026-02-07T14:48:41.218+0100 [DEBUG] [org.gradle.cache.internal.DefaultFileLockManager] Lock acquired on daemon addresses registry.
2026-02-07T14:48:41.218+0100 [DEBUG] [org.gradle.cache.internal.DefaultFileLockManager] Releasing lock on daemon addresses registry.
2026-02-07T14:48:41.218+0100 [DEBUG] [org.gradle.launcher.daemon.server.DaemonRegistryUpdater] Address removed from registry.
2026-02-07T14:48:41.219+0100 [DEBUG] [org.gradle.cache.internal.locklistener.DefaultFileLockContentionHandler] File lock listener thread completed.
2026-02-07T14:48:41.220+0100 [DEBUG] [java.lang.Runtime] Runtime.exit() called with status: 0
java.lang.Throwable: Runtime.exit(0)
	at java.base/java.lang.Shutdown.logRuntimeExit(Shutdown.java:179)
	at java.base/java.lang.Shutdown.exit(Shutdown.java:160)
	at java.base/java.lang.Runtime.exit(Runtime.java:177)
	at java.base/java.lang.System.exit(System.java:1540)
	at org.gradle.launcher.bootstrap.ProcessCompleter.complete(ProcessCompleter.java:21)
	at org.gradle.launcher.bootstrap.EntryPoint.run(EntryPoint.java:62)
	at java.base/jdk.internal.reflect.DirectMethodHandleAccessor.invoke(DirectMethodHandleAccessor.java:104)
	at java.base/java.lang.reflect.Method.invoke(Method.java:565)
	at org.gradle.launcher.bootstrap.ProcessBootstrap.runNoExit(ProcessBootstrap.java:72)
	at org.gradle.launcher.bootstrap.ProcessBootstrap.run(ProcessBootstrap.java:39)
	at org.gradle.launcher.daemon.bootstrap.GradleDaemon.main(GradleDaemon.java:22)
Daemon vm is shutting down... The daemon has exited normally or was terminated in response to a user interrupt.
2026-02-07T14:48:41.221+0100 [DEBUG] [org.gradle.launcher.daemon.registry.PersistentDaemonRegistry] Removing daemon address: [6434cb64-f4a4-42b8-a6f4-785ca99c5878 port:43331, addresses:[localhost/127.0.0.1]]
2026-02-07T14:48:41.221+0100 [DEBUG] [org.gradle.launcher.daemon.server.Daemon] VM shutdown hook was unable to remove the daemon address from the registry. It will be cleaned up later.
java.lang.IllegalStateException: Cannot start managing file contention because this handler has been closed.
	at org.gradle.cache.internal.locklistener.DefaultFileLockContentionHandler.assertNotStopped(DefaultFileLockContentionHandler.java:248)
	at org.gradle.cache.internal.locklistener.DefaultFileLockContentionHandler.reservePort(DefaultFileLockContentionHandler.java:286)
	at org.gradle.cache.internal.DefaultFileLockManager.lock(DefaultFileLockManager.java:124)
	at org.gradle.cache.internal.DefaultFileLockManager.lock(DefaultFileLockManager.java:106)
	at org.gradle.cache.internal.DefaultFileLockManager.lock(DefaultFileLockManager.java:101)
	at org.gradle.cache.internal.OnDemandFileAccess.updateFile(OnDemandFileAccess.java:51)
	at org.gradle.cache.internal.FileBackedObjectHolder.update(FileBackedObjectHolder.java:77)
	at org.gradle.cache.internal.FileIntegrityViolationSuppressingObjectHolderDecorator.lambda$update$0(FileIntegrityViolationSuppressingObjectHolderDecorator.java:48)
	at org.gradle.cache.internal.FileIntegrityViolationSuppressingObjectHolderDecorator.doUpdate(FileIntegrityViolationSuppressingObjectHolderDecorator.java:58)
	at org.gradle.cache.internal.FileIntegrityViolationSuppressingObjectHolderDecorator.update(FileIntegrityViolationSuppressingObjectHolderDecorator.java:48)
	at org.gradle.launcher.daemon.registry.PersistentDaemonRegistry.remove(PersistentDaemonRegistry.java:133)
	at org.gradle.launcher.daemon.server.Daemon$1.run(Daemon.java:133)
	at java.base/java.lang.Thread.run(Thread.java:1474)
