2026-02-07T14:37:28.032+0100 [DEBUG] [org.gradle.launcher.daemon.bootstrap.DaemonMain] Assuming the daemon was started with following jvm opts: [-XX:MaxMetaspaceSize=384m, -XX:+HeapDumpOnOutOfMemoryError, -Xms256m, -Xmx512m, -Dfile.encoding=UTF-8, -Duser.country=PL, -Duser.language=pl, -Duser.variant]
2026-02-07T14:37:28.170+0100 [DEBUG] [org.gradle.internal.remote.internal.inet.InetAddresses] Adding IP addresses for network interface enp7s0
2026-02-07T14:37:28.171+0100 [DEBUG] [org.gradle.internal.remote.internal.inet.InetAddresses] Is this a loopback interface? false
2026-02-07T14:37:28.171+0100 [DEBUG] [org.gradle.internal.remote.internal.inet.InetAddresses] Adding remote address /fe80:0:0:0:feaa:14ff:fe29:91fb%enp7s0
2026-02-07T14:37:28.172+0100 [DEBUG] [org.gradle.internal.remote.internal.inet.InetAddresses] Adding remote address /192.168.3.7
2026-02-07T14:37:28.172+0100 [DEBUG] [org.gradle.internal.remote.internal.inet.InetAddresses] Adding IP addresses for network interface lo
2026-02-07T14:37:28.172+0100 [DEBUG] [org.gradle.internal.remote.internal.inet.InetAddresses] Is this a loopback interface? true
2026-02-07T14:37:28.173+0100 [DEBUG] [org.gradle.internal.remote.internal.inet.InetAddresses] Adding loopback address /0:0:0:0:0:0:0:1%lo
2026-02-07T14:37:28.173+0100 [DEBUG] [org.gradle.internal.remote.internal.inet.InetAddresses] Adding loopback address /127.0.0.1
2026-02-07T14:37:28.209+0100 [INFO] [org.gradle.launcher.daemon.server.Daemon] start() called on daemon - DefaultDaemonContext[uid=58c05f5a-5bcc-418a-96f4-3b0fcbfc2176,javaHome=/usr/lib/jvm/java-25-openjdk,javaVersion=25,javaVendor=Red Hat, Inc.,daemonRegistryDir=/home/mnich/Dokumenty/Studia/PBs-InformatykaStosowana/Programowanie zwinne/GitHub/Front_project_FULL/.gradle-user/daemon,pid=103559,idleTimeout=120000,priority=NORMAL,applyInstrumentationAgent=true,nativeServicesMode=ENABLED,daemonOpts=-XX:MaxMetaspaceSize=384m,-XX:+HeapDumpOnOutOfMemoryError,-Xms256m,-Xmx512m,-Dfile.encoding=UTF-8,-Duser.country=PL,-Duser.language=pl,-Duser.variant]
2026-02-07T14:37:28.225+0100 [DEBUG] [org.gradle.internal.remote.internal.inet.TcpIncomingConnector] Listening on [13d38ca3-3561-455a-9e4a-11e3d6664143 port:42657, addresses:[localhost/127.0.0.1]].
2026-02-07T14:37:28.231+0100 [DEBUG] [org.gradle.launcher.daemon.server.Daemon] Daemon starting at: Sat Feb 07 14:37:28 CET 2026, with address: [13d38ca3-3561-455a-9e4a-11e3d6664143 port:42657, addresses:[localhost/127.0.0.1]]
2026-02-07T14:37:28.231+0100 [INFO] [org.gradle.launcher.daemon.server.DaemonRegistryUpdater] Advertising the daemon address to the clients: [13d38ca3-3561-455a-9e4a-11e3d6664143 port:42657, addresses:[localhost/127.0.0.1]]
2026-02-07T14:37:28.232+0100 [DEBUG] [org.gradle.launcher.daemon.server.DaemonRegistryUpdater] Advertised daemon context: DefaultDaemonContext[uid=58c05f5a-5bcc-418a-96f4-3b0fcbfc2176,javaHome=/usr/lib/jvm/java-25-openjdk,javaVersion=25,javaVendor=Red Hat, Inc.,daemonRegistryDir=/home/mnich/Dokumenty/Studia/PBs-InformatykaStosowana/Programowanie zwinne/GitHub/Front_project_FULL/.gradle-user/daemon,pid=103559,idleTimeout=120000,priority=NORMAL,applyInstrumentationAgent=true,nativeServicesMode=ENABLED,daemonOpts=-XX:MaxMetaspaceSize=384m,-XX:+HeapDumpOnOutOfMemoryError,-Xms256m,-Xmx512m,-Dfile.encoding=UTF-8,-Duser.country=PL,-Duser.language=pl,-Duser.variant]
2026-02-07T14:37:28.233+0100 [DEBUG] [org.gradle.launcher.daemon.registry.PersistentDaemonRegistry] Storing daemon address: [13d38ca3-3561-455a-9e4a-11e3d6664143 port:42657, addresses:[localhost/127.0.0.1]], context: DefaultDaemonContext[uid=58c05f5a-5bcc-418a-96f4-3b0fcbfc2176,javaHome=/usr/lib/jvm/java-25-openjdk,javaVersion=25,javaVendor=Red Hat, Inc.,daemonRegistryDir=/home/mnich/Dokumenty/Studia/PBs-InformatykaStosowana/Programowanie zwinne/GitHub/Front_project_FULL/.gradle-user/daemon,pid=103559,idleTimeout=120000,priority=NORMAL,applyInstrumentationAgent=true,nativeServicesMode=ENABLED,daemonOpts=-XX:MaxMetaspaceSize=384m,-XX:+HeapDumpOnOutOfMemoryError,-Xms256m,-Xmx512m,-Dfile.encoding=UTF-8,-Duser.country=PL,-Duser.language=pl,-Duser.variant]
2026-02-07T14:37:28.240+0100 [DEBUG] [org.gradle.cache.internal.DefaultFileLockManager] Waiting to acquire exclusive lock on daemon addresses registry.
2026-02-07T14:37:28.244+0100 [DEBUG] [org.gradle.cache.internal.DefaultFileLockManager] Lock acquired on daemon addresses registry.
2026-02-07T14:37:28.249+0100 [DEBUG] [org.gradle.cache.internal.DefaultFileLockManager] Releasing lock on daemon addresses registry.
2026-02-07T14:37:28.249+0100 [LIFECYCLE] [org.gradle.launcher.daemon.server.Daemon] Daemon server started.
2026-02-07T14:37:28.250+0100 [DEBUG] [org.gradle.launcher.daemon.bootstrap.DaemonStartupCommunication] Completed writing the daemon greeting. Closing streams...
2026-02-07T14:37:28.263+0100 [DEBUG] [org.gradle.launcher.daemon.server.Daemon] stopOnExpiration() called on daemon
2026-02-07T14:37:28.264+0100 [DEBUG] [org.gradle.launcher.daemon.server.Daemon] awaitExpiration() called on daemon
2026-02-07T14:37:28.265+0100 [DEBUG] [org.gradle.launcher.daemon.server.DaemonStateCoordinator] daemon is running. Sleeping until state changes.
2026-02-07T14:37:28.271+0100 [DEBUG] [org.gradle.internal.remote.internal.inet.TcpIncomingConnector] Accepted connection from /127.0.0.1:37512 to /127.0.0.1:42657.
2026-02-07T14:37:28.296+0100 [DEBUG] [org.gradle.launcher.daemon.server.SynchronizedDispatchConnection] thread 37: received class org.gradle.launcher.daemon.protocol.Build
2026-02-07T14:37:28.296+0100 [DEBUG] [org.gradle.launcher.daemon.server.DefaultDaemonConnection] thread 37: Received non-IO message from client: Build{id=b48b92c8-bbe3-4d6f-a3bf-285c88169d62, currentDir=/home/mnich/Dokumenty/Studia/PBs-InformatykaStosowana/Programowanie zwinne/GitHub/Front_project_FULL}
2026-02-07T14:37:28.296+0100 [INFO] [org.gradle.launcher.daemon.server.DefaultIncomingConnectionHandler] Received command: Build{id=b48b92c8-bbe3-4d6f-a3bf-285c88169d62, currentDir=/home/mnich/Dokumenty/Studia/PBs-InformatykaStosowana/Programowanie zwinne/GitHub/Front_project_FULL}.
2026-02-07T14:37:28.297+0100 [DEBUG] [org.gradle.launcher.daemon.server.DefaultIncomingConnectionHandler] Starting executing command: Build{id=b48b92c8-bbe3-4d6f-a3bf-285c88169d62, currentDir=/home/mnich/Dokumenty/Studia/PBs-InformatykaStosowana/Programowanie zwinne/GitHub/Front_project_FULL} with connection: socket connection from /127.0.0.1:42657 to /127.0.0.1:37512.
2026-02-07T14:37:28.300+0100 [DEBUG] [org.gradle.launcher.daemon.server.DaemonStateCoordinator] Command execution: started DaemonCommandExecution[command = Build{id=b48b92c8-bbe3-4d6f-a3bf-285c88169d62, currentDir=/home/mnich/Dokumenty/Studia/PBs-InformatykaStosowana/Programowanie zwinne/GitHub/Front_project_FULL}, connection = DefaultDaemonConnection: socket connection from /127.0.0.1:42657 to /127.0.0.1:37512] after 0.0013 minutes of idle
2026-02-07T14:37:28.301+0100 [INFO] [org.gradle.launcher.daemon.server.DaemonRegistryUpdater] Marking the daemon as busy, address: [13d38ca3-3561-455a-9e4a-11e3d6664143 port:42657, addresses:[localhost/127.0.0.1]]
2026-02-07T14:37:28.301+0100 [DEBUG] [org.gradle.launcher.daemon.registry.PersistentDaemonRegistry] Marking busy by address: [13d38ca3-3561-455a-9e4a-11e3d6664143 port:42657, addresses:[localhost/127.0.0.1]]
2026-02-07T14:37:28.302+0100 [DEBUG] [org.gradle.cache.internal.DefaultFileLockManager] Waiting to acquire exclusive lock on daemon addresses registry.
2026-02-07T14:37:28.303+0100 [DEBUG] [org.gradle.cache.internal.DefaultFileLockManager] Lock acquired on daemon addresses registry.
2026-02-07T14:37:28.304+0100 [DEBUG] [org.gradle.cache.internal.DefaultFileLockManager] Releasing lock on daemon addresses registry.
2026-02-07T14:37:28.304+0100 [DEBUG] [org.gradle.launcher.daemon.server.DaemonStateCoordinator] resetting idle timer
2026-02-07T14:37:28.305+0100 [DEBUG] [org.gradle.launcher.daemon.server.DaemonStateCoordinator] daemon is running. Sleeping until state changes.
2026-02-07T14:37:28.306+0100 [INFO] [org.gradle.launcher.daemon.server.exec.StartBuildOrRespondWithBusy] Daemon is about to start building Build{id=b48b92c8-bbe3-4d6f-a3bf-285c88169d62, currentDir=/home/mnich/Dokumenty/Studia/PBs-InformatykaStosowana/Programowanie zwinne/GitHub/Front_project_FULL}. Dispatching build started information...
2026-02-07T14:37:28.306+0100 [DEBUG] [org.gradle.launcher.daemon.server.SynchronizedDispatchConnection] thread 39: dispatching org.gradle.launcher.daemon.protocol.BuildStarted@6338d5af
2026-02-07T14:37:28.308+0100 [DEBUG] [org.gradle.launcher.daemon.server.exec.EstablishBuildEnvironment] Configuring env variables: [GRAAL_TECHNO_NAME, PATH, GENVIEW_TECHNO_NAME, MBK_C4_LIB, HISTCONTROL, VH_DLYSFX, DBUS_SESSION_BUS_ADDRESS, RDS_IN, RDS_TECHNO_NAME, LD_LIBRARY_PATH, SESSION_MANAGER, MBK_WORK_LIB, PWD, MANAGERPID, KDE_SESSION_VERSION, LESSOPEN, MBK_TARGET_LIB, QTINC, CODEX_HOME, VH_PATSFX, DEBUGINFOD_IMA_CERT_PATH, XSCH_PARAM_NAME, SHLVL, ICEAUTHORITY, LOADEDMODULES, IJ_RESTARTER_LOG, HISTSIZE, MEMORY_PRESSURE_WATCH, VH_MAXERR, KDE_SESSION_UID, XDG_CONFIG_DIRS, XDG_SEAT_PATH, MOZ_GMP_PATH, XDG_SESSION_ID, GRADLE_USER_HOME, MBK_CATAL_NAME, WAYLAND_DISPLAY, GTK_RC_FILES, BABEL_DATADIR, __MODULES_LMINIT, VH_BEHSFX, XDG_SESSION_CLASS, CODEX_PATH, XPAT_PARAM_NAME, CVS_RSH, DESKTOP_SESSION, GDK_CORE_DEVICE_EVENTS, XDG_MENU_PREFIX, DESKTOP_STARTUP_ID, GTK2_RC_FILES, BASH_FUNC_ml%%, XFSM_PARAM_NAME, MBK_IN_PH, BASH_FUNC__module_raw%%, MODULES_CMD, MBK_OUT_PH, ELP_TECHNO_NAME, PERL_LOCAL_LIB_ROOT, INVOCATION_ID, XAUTHORITY, PERL_MM_OPT, XDG_DATA_DIRS, MODULEPATH, DREAL_TECHNO_NAME, XDG_CURRENT_DESKTOP, PERL_MB_OPT, JOURNAL_STREAM, MAIL, MANAGERPIDFDID, LOGNAME, MBK_SCALE_X, PAM_KWALLET5_LOGIN, _JAVA_AWT_WM_NONREPARENTING, TOOLBOX_VERSION, BABEL_LIBDIR, CODEX_SANDBOX_NETWORK_DISABLED, SHELL, __MODULES_SHARE_MANPATH, XTBPATH, KDE_FULL_SESSION, SSH_ASKPASS, XDG_SESSION_PATH, DEBUGINFOD_URLS, SYSTEMD_EXEC_PID, XDG_SESSION_DESKTOP, LS_COLORS, MBK_VDD, KDE_APPLICATIONS_AS_SCOPE, MEMORY_PRESSURE_WRITE, MANPATH, MBK_SPI_MODEL, LANG, MODULES_RUN_QUARANTINE, XDG_SESSION_TYPE, DISPLAY, RDS_OUT, BASH_FUNC_module%%, XKB_DEFAULT_LAYOUT, ALLIANCE_TOP, CONDA_SHLVL, PERL5LIB, MBK_VSS, MBK_IN_LO, GPG_TTY, USER, SSH_AUTH_SOCK, XDG_SEAT, EDITOR, QT_WAYLAND_RECONNECT, MBK_CATA_LIB, HOSTNAME, MBK_OUT_LO, QTDIR, MODULESHOME, KDEDIRS, XDG_RUNTIME_DIR, XDG_VTNR, HOME, QTLIB]
2026-02-07T14:37:28.312+0100 [DEBUG] [org.gradle.launcher.daemon.server.exec.LogToClient] About to start relaying all logs to the client via the connection.
2026-02-07T14:37:28.312+0100 [INFO] [org.gradle.launcher.daemon.server.exec.LogToClient] The client will now receive all logging from the daemon (pid: 103559). The daemon log file: /home/mnich/Dokumenty/Studia/PBs-InformatykaStosowana/Programowanie zwinne/GitHub/Front_project_FULL/.gradle-user/daemon/9.0.0/daemon-103559.out.log
2026-02-07T14:37:28.315+0100 [DEBUG] [org.gradle.launcher.daemon.server.exec.RequestStopIfSingleUsedDaemon] Requesting daemon stop after processing Build{id=b48b92c8-bbe3-4d6f-a3bf-285c88169d62, currentDir=/home/mnich/Dokumenty/Studia/PBs-InformatykaStosowana/Programowanie zwinne/GitHub/Front_project_FULL}
2026-02-07T14:37:28.315+0100 [LIFECYCLE] [org.gradle.launcher.daemon.server.DaemonStateCoordinator] Daemon will be stopped at the end of the build 
2026-02-07T14:37:28.315+0100 [DEBUG] [org.gradle.launcher.daemon.server.DaemonStateCoordinator] Stop as soon as idle requested. The daemon is busy
2026-02-07T14:37:28.316+0100 [DEBUG] [org.gradle.launcher.daemon.server.DaemonStateCoordinator] daemon stop has been requested. Sleeping until state changes.
2026-02-07T14:37:28.319+0100 [DEBUG] [org.gradle.launcher.daemon.server.exec.ExecuteBuild] The daemon has started executing the build.
2026-02-07T14:37:28.320+0100 [DEBUG] [org.gradle.launcher.daemon.server.exec.ExecuteBuild] Executing build with daemon context: DefaultDaemonContext[uid=58c05f5a-5bcc-418a-96f4-3b0fcbfc2176,javaHome=/usr/lib/jvm/java-25-openjdk,javaVersion=25,javaVendor=Red Hat, Inc.,daemonRegistryDir=/home/mnich/Dokumenty/Studia/PBs-InformatykaStosowana/Programowanie zwinne/GitHub/Front_project_FULL/.gradle-user/daemon,pid=103559,idleTimeout=120000,priority=NORMAL,applyInstrumentationAgent=true,nativeServicesMode=ENABLED,daemonOpts=-XX:MaxMetaspaceSize=384m,-XX:+HeapDumpOnOutOfMemoryError,-Xms256m,-Xmx512m,-Dfile.encoding=UTF-8,-Duser.country=PL,-Duser.language=pl,-Duser.variant]

------------------------------------------------------------
Tasks runnable from root project 'Front_project_FULL'
------------------------------------------------------------

Application tasks
-----------------
bootRun - Runs this project as a Spring Boot application.
bootTestRun - Runs this project as a Spring Boot application using the test runtime classpath.

Build tasks
-----------
assemble - Assembles the outputs of this project.
bootBuildImage - Builds an OCI image of the application using the output of the bootJar task
bootJar - Assembles an executable jar archive containing the main classes and their dependencies.
build - Assembles and tests this project.
buildDependents - Assembles and tests this project and all projects that depend on it.
buildNeeded - Assembles and tests this project and all projects it depends on.
classes - Assembles main classes.
clean - Deletes the build directory.
jar - Assembles a jar archive containing the classes of the 'main' feature.
resolveMainClassName - Resolves the name of the application's main class.
resolveTestMainClassName - Resolves the name of the application's test main class.
testClasses - Assembles test classes.

Build Setup tasks
-----------------
init - Initializes a new Gradle build.
updateDaemonJvm - Generates or updates the Gradle Daemon JVM criteria.
wrapper - Generates Gradle wrapper files.

Documentation tasks
-------------------
javadoc - Generates Javadoc API documentation for the 'main' feature.

Help tasks
----------
artifactTransforms - Displays the Artifact Transforms that can be executed in root project 'Front_project_FULL'.
buildEnvironment - Displays all buildscript dependencies declared in root project 'Front_project_FULL'.
dependencies - Displays all dependencies declared in root project 'Front_project_FULL'.
dependencyInsight - Displays the insight into a specific dependency in root project 'Front_project_FULL'.
dependencyManagement - Displays the dependency management declared in root project 'Front_project_FULL'.
help - Displays a help message.
javaToolchains - Displays the detected java toolchains.
outgoingVariants - Displays the outgoing variants of root project 'Front_project_FULL'.
projects - Displays the sub-projects of root project 'Front_project_FULL'.
properties - Displays the properties of root project 'Front_project_FULL'.
resolvableConfigurations - Displays the configurations that can be resolved in root project 'Front_project_FULL'.
tasks - Displays the tasks runnable from root project 'Front_project_FULL'.

Verification tasks
------------------
check - Runs all checks.
test - Runs the test suite.

Rules
-----
Pattern: clean<TaskName>: Cleans the output files of a task.
Pattern: build<ConfigurationName>: Assembles the artifacts of a configuration.

To see all tasks and more detail, run gradlew tasks --all

To see more detail about a task, run gradlew help --task <task>

BUILD SUCCESSFUL in 7s
1 actionable task: 1 executed
Consider enabling configuration cache to speed up this build: https://docs.gradle.org/9.0.0/userguide/configuration_cache_enabling.html
2026-02-07T14:37:34.419+0100 [DEBUG] [org.gradle.launcher.daemon.server.exec.ExecuteBuild] The daemon has finished executing the build.
2026-02-07T14:37:34.422+0100 [DEBUG] [org.gradle.launcher.daemon.server.DaemonStateCoordinator] daemon stop has been requested. Sleeping until state changes.
2026-02-07T14:37:34.423+0100 [DEBUG] [org.gradle.launcher.daemon.server.DaemonStateCoordinator] Command execution: finished waiting for DaemonCommandExecution[command = Build{id=b48b92c8-bbe3-4d6f-a3bf-285c88169d62, currentDir=/home/mnich/Dokumenty/Studia/PBs-InformatykaStosowana/Programowanie zwinne/GitHub/Front_project_FULL}, connection = DefaultDaemonConnection: socket connection from /127.0.0.1:42657 to /127.0.0.1:37512]. Result org.gradle.launcher.daemon.server.DaemonStateCoordinator@3aba860d with state StopRequested
2026-02-07T14:37:34.423+0100 [DEBUG] [org.gradle.launcher.daemon.server.DaemonStateCoordinator] Command execution: completed DaemonCommandExecution[command = Build{id=b48b92c8-bbe3-4d6f-a3bf-285c88169d62, currentDir=/home/mnich/Dokumenty/Studia/PBs-InformatykaStosowana/Programowanie zwinne/GitHub/Front_project_FULL}, connection = DefaultDaemonConnection: socket connection from /127.0.0.1:42657 to /127.0.0.1:37512]
2026-02-07T14:37:34.423+0100 [DEBUG] [org.gradle.launcher.daemon.server.DaemonStateCoordinator] resetting idle timer
2026-02-07T14:37:34.423+0100 [DEBUG] [org.gradle.launcher.daemon.server.DaemonStateCoordinator] Marking daemon stopped due to command completed and stop requested. The daemon is not running a build
2026-02-07T14:37:34.423+0100 [DEBUG] [org.gradle.launcher.daemon.server.DaemonStateCoordinator] daemon has stopped.
2026-02-07T14:37:34.423+0100 [DEBUG] [org.gradle.launcher.daemon.server.exec.ReturnResult] Daemon is dispatching the build result: Success[value=org.gradle.launcher.exec.BuildActionResult@330c77f]
2026-02-07T14:37:34.423+0100 [DEBUG] [org.gradle.launcher.daemon.server.SynchronizedDispatchConnection] thread 36: dispatching Success[value=org.gradle.launcher.exec.BuildActionResult@330c77f]
2026-02-07T14:37:34.424+0100 [DEBUG] [org.gradle.launcher.daemon.server.Daemon] stop() called on daemon
2026-02-07T14:37:34.424+0100 [INFO] [org.gradle.launcher.daemon.server.Daemon] Stop requested. Daemon is removing its presence from the registry...
2026-02-07T14:37:34.424+0100 [DEBUG] [org.gradle.launcher.daemon.server.DaemonRegistryUpdater] Removing our presence to clients, eg. removing this address from the registry: [13d38ca3-3561-455a-9e4a-11e3d6664143 port:42657, addresses:[localhost/127.0.0.1]]
2026-02-07T14:37:34.425+0100 [DEBUG] [org.gradle.launcher.daemon.registry.PersistentDaemonRegistry] Removing daemon address: [13d38ca3-3561-455a-9e4a-11e3d6664143 port:42657, addresses:[localhost/127.0.0.1]]
2026-02-07T14:37:34.425+0100 [DEBUG] [org.gradle.launcher.daemon.server.exec.CleanUpVirtualFileSystemAfterBuild] Cleaning virtual file system after build finished
2026-02-07T14:37:34.425+0100 [DEBUG] [org.gradle.launcher.daemon.server.DefaultIncomingConnectionHandler] Finishing executing command: Build{id=b48b92c8-bbe3-4d6f-a3bf-285c88169d62, currentDir=/home/mnich/Dokumenty/Studia/PBs-InformatykaStosowana/Programowanie zwinne/GitHub/Front_project_FULL}
2026-02-07T14:37:34.425+0100 [DEBUG] [org.gradle.launcher.daemon.server.SynchronizedDispatchConnection] thread 37: received class org.gradle.launcher.daemon.protocol.CloseInput
2026-02-07T14:37:34.425+0100 [DEBUG] [org.gradle.cache.internal.DefaultFileLockManager] Waiting to acquire exclusive lock on daemon addresses registry.
2026-02-07T14:37:34.425+0100 [DEBUG] [org.gradle.launcher.daemon.server.DefaultDaemonConnection] thread 37: Received IO message from client: org.gradle.launcher.daemon.protocol.CloseInput@438fa6e9
2026-02-07T14:37:34.426+0100 [DEBUG] [org.gradle.cache.internal.DefaultFileLockManager] Lock acquired on daemon addresses registry.
2026-02-07T14:37:34.427+0100 [DEBUG] [org.gradle.cache.internal.DefaultFileLockManager] Releasing lock on daemon addresses registry.
2026-02-07T14:37:34.427+0100 [DEBUG] [org.gradle.launcher.daemon.server.DaemonRegistryUpdater] Address removed from registry.
2026-02-07T14:37:34.466+0100 [DEBUG] [org.gradle.launcher.daemon.server.SynchronizedDispatchConnection] thread 37: received class org.gradle.launcher.daemon.protocol.Finished
2026-02-07T14:37:34.466+0100 [DEBUG] [org.gradle.launcher.daemon.server.DefaultDaemonConnection] thread 37: Received non-IO message from client: org.gradle.launcher.daemon.protocol.Finished@62da12
2026-02-07T14:37:34.466+0100 [DEBUG] [org.gradle.launcher.daemon.server.DefaultIncomingConnectionHandler] Received finished message: org.gradle.launcher.daemon.protocol.Finished@62da12
2026-02-07T14:37:34.466+0100 [DEBUG] [org.gradle.launcher.daemon.server.SynchronizedDispatchConnection] thread 36: stopping connection
2026-02-07T14:37:34.467+0100 [DEBUG] [org.gradle.internal.remote.internal.inet.SocketConnection] Discarding EOFException: java.io.EOFException
2026-02-07T14:37:34.467+0100 [DEBUG] [org.gradle.launcher.daemon.server.SynchronizedDispatchConnection] thread 37: received null
2026-02-07T14:37:34.467+0100 [DEBUG] [org.gradle.launcher.daemon.server.DefaultDaemonConnection] thread 37: Received end-of-input from client.
2026-02-07T14:37:34.468+0100 [DEBUG] [org.gradle.launcher.daemon.server.SynchronizedDispatchConnection] thread 36: stopping connection
2026-02-07T14:37:34.469+0100 [DEBUG] [org.gradle.cache.internal.LockOnDemandCrossProcessCacheAccess] Releasing file lock for jars (/home/mnich/Dokumenty/Studia/PBs-InformatykaStosowana/Programowanie zwinne/GitHub/Front_project_FULL/.gradle-user/caches/jars-9)
2026-02-07T14:37:34.469+0100 [DEBUG] [org.gradle.cache.internal.DefaultFileLockManager] Releasing lock on jars (/home/mnich/Dokumenty/Studia/PBs-InformatykaStosowana/Programowanie zwinne/GitHub/Front_project_FULL/.gradle-user/caches/jars-9).
2026-02-07T14:37:34.469+0100 [DEBUG] [org.gradle.cache.internal.LockOnDemandCrossProcessCacheAccess] Releasing file lock for file content cache (/home/mnich/Dokumenty/Studia/PBs-InformatykaStosowana/Programowanie zwinne/GitHub/Front_project_FULL/.gradle-user/caches/9.0.0/fileContent)
2026-02-07T14:37:34.470+0100 [DEBUG] [org.gradle.cache.internal.DefaultFileLockManager] Releasing lock on file content cache (/home/mnich/Dokumenty/Studia/PBs-InformatykaStosowana/Programowanie zwinne/GitHub/Front_project_FULL/.gradle-user/caches/9.0.0/fileContent).
2026-02-07T14:37:34.470+0100 [DEBUG] [org.gradle.internal.watch.vfs.impl.WatchingVirtualFileSystem] Closing VFS, dropping state
2026-02-07T14:37:34.471+0100 [DEBUG] [org.gradle.internal.watch.registry.impl.DefaultFileWatcherRegistry] Finished listening to file system change events
2026-02-07T14:37:34.471+0100 [DEBUG] [org.gradle.cache.internal.DefaultCacheCoordinator] Cache Generated Gradle JARs cache (/home/mnich/Dokumenty/Studia/PBs-InformatykaStosowana/Programowanie zwinne/GitHub/Front_project_FULL/.gradle-user/caches/9.0.0/generated-gradle-jars) was closed 0 times.
2026-02-07T14:37:34.471+0100 [DEBUG] [org.gradle.cache.internal.LockOnDemandCrossProcessCacheAccess] Releasing file lock for artifact cache (/home/mnich/Dokumenty/Studia/PBs-InformatykaStosowana/Programowanie zwinne/GitHub/Front_project_FULL/.gradle-user/caches/modules-2)
2026-02-07T14:37:34.472+0100 [DEBUG] [org.gradle.cache.internal.btree.BTreePersistentIndexedCache] Closing cache module-artifact.bin (/home/mnich/Dokumenty/Studia/PBs-InformatykaStosowana/Programowanie zwinne/GitHub/Front_project_FULL/.gradle-user/caches/modules-2/metadata-2.107/module-artifact.bin)
2026-02-07T14:37:34.472+0100 [DEBUG] [org.gradle.cache.internal.btree.BTreePersistentIndexedCache] Closing cache module-metadata.bin (/home/mnich/Dokumenty/Studia/PBs-InformatykaStosowana/Programowanie zwinne/GitHub/Front_project_FULL/.gradle-user/caches/modules-2/metadata-2.107/module-metadata.bin)
2026-02-07T14:37:34.472+0100 [DEBUG] [org.gradle.cache.internal.DefaultFileLockManager] Releasing lock on artifact cache (/home/mnich/Dokumenty/Studia/PBs-InformatykaStosowana/Programowanie zwinne/GitHub/Front_project_FULL/.gradle-user/caches/modules-2).
2026-02-07T14:37:34.473+0100 [DEBUG] [org.gradle.cache.internal.DefaultCacheCoordinator] Cache groovy-dsl (/home/mnich/Dokumenty/Studia/PBs-InformatykaStosowana/Programowanie zwinne/GitHub/Front_project_FULL/.gradle-user/caches/9.0.0/groovy-dsl) was closed 0 times.
2026-02-07T14:37:34.473+0100 [DEBUG] [org.gradle.cache.internal.DefaultCacheCoordinator] Cache Artifact transforms cache (/home/mnich/Dokumenty/Studia/PBs-InformatykaStosowana/Programowanie zwinne/GitHub/Front_project_FULL/.gradle-user/caches/9.0.0/transforms) was closed 0 times.
2026-02-07T14:37:34.473+0100 [DEBUG] [org.gradle.cache.internal.LockOnDemandCrossProcessCacheAccess] Releasing file lock for journal cache (/home/mnich/Dokumenty/Studia/PBs-InformatykaStosowana/Programowanie zwinne/GitHub/Front_project_FULL/.gradle-user/caches/journal-1)
2026-02-07T14:37:34.474+0100 [DEBUG] [org.gradle.cache.internal.btree.BTreePersistentIndexedCache] Closing cache file-access.bin (/home/mnich/Dokumenty/Studia/PBs-InformatykaStosowana/Programowanie zwinne/GitHub/Front_project_FULL/.gradle-user/caches/journal-1/file-access.bin)
2026-02-07T14:37:34.474+0100 [DEBUG] [org.gradle.cache.internal.DefaultFileLockManager] Releasing lock on journal cache (/home/mnich/Dokumenty/Studia/PBs-InformatykaStosowana/Programowanie zwinne/GitHub/Front_project_FULL/.gradle-user/caches/journal-1).
2026-02-07T14:37:34.474+0100 [DEBUG] [org.gradle.cache.internal.LockOnDemandCrossProcessCacheAccess] Releasing file lock for file hash cache (/home/mnich/Dokumenty/Studia/PBs-InformatykaStosowana/Programowanie zwinne/GitHub/Front_project_FULL/.gradle-user/caches/9.0.0/fileHashes)
2026-02-07T14:37:34.474+0100 [DEBUG] [org.gradle.cache.internal.btree.BTreePersistentIndexedCache] Closing cache fileHashes.bin (/home/mnich/Dokumenty/Studia/PBs-InformatykaStosowana/Programowanie zwinne/GitHub/Front_project_FULL/.gradle-user/caches/9.0.0/fileHashes/fileHashes.bin)
2026-02-07T14:37:34.475+0100 [DEBUG] [org.gradle.cache.internal.btree.BTreePersistentIndexedCache] Closing cache resourceHashesCache.bin (/home/mnich/Dokumenty/Studia/PBs-InformatykaStosowana/Programowanie zwinne/GitHub/Front_project_FULL/.gradle-user/caches/9.0.0/fileHashes/resourceHashesCache.bin)
2026-02-07T14:37:34.475+0100 [DEBUG] [org.gradle.cache.internal.DefaultFileLockManager] Releasing lock on file hash cache (/home/mnich/Dokumenty/Studia/PBs-InformatykaStosowana/Programowanie zwinne/GitHub/Front_project_FULL/.gradle-user/caches/9.0.0/fileHashes).
2026-02-07T14:37:34.476+0100 [DEBUG] [org.gradle.internal.operations.DefaultBuildOperationRunner] Build operation 'Deleting unused version-specific caches in /home/mnich/Dokumenty/Studia/PBs-InformatykaStosowana/Programowanie zwinne/GitHub/Front_project_FULL/.gradle-user/caches' started
2026-02-07T14:37:34.482+0100 [DEBUG] [org.gradle.cache.internal.VersionSpecificCacheCleanupAction] Processed version-specific caches at /home/mnich/Dokumenty/Studia/PBs-InformatykaStosowana/Programowanie zwinne/GitHub/Front_project_FULL/.gradle-user/caches for cleanup in 0.005 secs
2026-02-07T14:37:34.482+0100 [DEBUG] [org.gradle.internal.operations.DefaultBuildOperationRunner] Completing Build operation 'Deleting unused version-specific caches in /home/mnich/Dokumenty/Studia/PBs-InformatykaStosowana/Programowanie zwinne/GitHub/Front_project_FULL/.gradle-user/caches'
2026-02-07T14:37:34.482+0100 [DEBUG] [org.gradle.internal.operations.DefaultBuildOperationRunner] Build operation 'Deleting unused version-specific caches in /home/mnich/Dokumenty/Studia/PBs-InformatykaStosowana/Programowanie zwinne/GitHub/Front_project_FULL/.gradle-user/caches' completed
2026-02-07T14:37:34.483+0100 [DEBUG] [org.gradle.internal.operations.DefaultBuildOperationRunner] Build operation 'Deleting unused Gradle distributions in /home/mnich/Dokumenty/Studia/PBs-InformatykaStosowana/Programowanie zwinne/GitHub/Front_project_FULL/.gradle-user/wrapper/dists' started
2026-02-07T14:37:34.484+0100 [DEBUG] [org.gradle.internal.operations.DefaultBuildOperationRunner] Completing Build operation 'Deleting unused Gradle distributions in /home/mnich/Dokumenty/Studia/PBs-InformatykaStosowana/Programowanie zwinne/GitHub/Front_project_FULL/.gradle-user/wrapper/dists'
2026-02-07T14:37:34.484+0100 [DEBUG] [org.gradle.internal.operations.DefaultBuildOperationRunner] Build operation 'Deleting unused Gradle distributions in /home/mnich/Dokumenty/Studia/PBs-InformatykaStosowana/Programowanie zwinne/GitHub/Front_project_FULL/.gradle-user/wrapper/dists' completed
2026-02-07T14:37:34.484+0100 [DEBUG] [org.gradle.launcher.daemon.server.Daemon] stop() called on daemon
2026-02-07T14:37:34.485+0100 [INFO] [org.gradle.launcher.daemon.server.Daemon] Stop requested. Daemon is removing its presence from the registry...
2026-02-07T14:37:34.485+0100 [DEBUG] [org.gradle.launcher.daemon.server.DaemonRegistryUpdater] Removing our presence to clients, eg. removing this address from the registry: [13d38ca3-3561-455a-9e4a-11e3d6664143 port:42657, addresses:[localhost/127.0.0.1]]
2026-02-07T14:37:34.485+0100 [DEBUG] [org.gradle.launcher.daemon.registry.PersistentDaemonRegistry] Removing daemon address: [13d38ca3-3561-455a-9e4a-11e3d6664143 port:42657, addresses:[localhost/127.0.0.1]]
2026-02-07T14:37:34.485+0100 [DEBUG] [org.gradle.cache.internal.DefaultFileLockManager] Waiting to acquire exclusive lock on daemon addresses registry.
2026-02-07T14:37:34.485+0100 [DEBUG] [org.gradle.cache.internal.DefaultFileLockManager] Lock acquired on daemon addresses registry.
2026-02-07T14:37:34.486+0100 [DEBUG] [org.gradle.cache.internal.DefaultFileLockManager] Releasing lock on daemon addresses registry.
2026-02-07T14:37:34.486+0100 [DEBUG] [org.gradle.launcher.daemon.server.DaemonRegistryUpdater] Address removed from registry.
2026-02-07T14:37:34.486+0100 [DEBUG] [org.gradle.cache.internal.locklistener.DefaultFileLockContentionHandler] File lock listener thread completed.
2026-02-07T14:37:34.489+0100 [DEBUG] [java.lang.Runtime] Runtime.exit() called with status: 0
java.lang.Throwable: Runtime.exit(0)
	at java.base/java.lang.Shutdown.logRuntimeExit(Shutdown.java:179)
	at java.base/java.lang.Shutdown.exit(Shutdown.java:160)
	at java.base/java.lang.Runtime.exit(Runtime.java:177)
	at java.base/java.lang.System.exit(System.java:1540)
	at org.gradle.launcher.bootstrap.ProcessCompleter.complete(ProcessCompleter.java:21)
	at org.gradle.launcher.bootstrap.EntryPoint.run(EntryPoint.java:62)
	at java.base/jdk.internal.reflect.DirectMethodHandleAccessor.invoke(DirectMethodHandleAccessor.java:104)
	at java.base/java.lang.reflect.Method.invoke(Method.java:565)
	at org.gradle.launcher.bootstrap.ProcessBootstrap.runNoExit(ProcessBootstrap.java:72)
	at org.gradle.launcher.bootstrap.ProcessBootstrap.run(ProcessBootstrap.java:39)
	at org.gradle.launcher.daemon.bootstrap.GradleDaemon.main(GradleDaemon.java:22)
Daemon vm is shutting down... The daemon has exited normally or was terminated in response to a user interrupt.
2026-02-07T14:37:34.490+0100 [DEBUG] [org.gradle.launcher.daemon.registry.PersistentDaemonRegistry] Removing daemon address: [13d38ca3-3561-455a-9e4a-11e3d6664143 port:42657, addresses:[localhost/127.0.0.1]]
2026-02-07T14:37:34.491+0100 [DEBUG] [org.gradle.launcher.daemon.server.Daemon] VM shutdown hook was unable to remove the daemon address from the registry. It will be cleaned up later.
java.lang.IllegalStateException: Cannot start managing file contention because this handler has been closed.
	at org.gradle.cache.internal.locklistener.DefaultFileLockContentionHandler.assertNotStopped(DefaultFileLockContentionHandler.java:248)
	at org.gradle.cache.internal.locklistener.DefaultFileLockContentionHandler.reservePort(DefaultFileLockContentionHandler.java:286)
	at org.gradle.cache.internal.DefaultFileLockManager.lock(DefaultFileLockManager.java:124)
	at org.gradle.cache.internal.DefaultFileLockManager.lock(DefaultFileLockManager.java:106)
	at org.gradle.cache.internal.DefaultFileLockManager.lock(DefaultFileLockManager.java:101)
	at org.gradle.cache.internal.OnDemandFileAccess.updateFile(OnDemandFileAccess.java:51)
	at org.gradle.cache.internal.FileBackedObjectHolder.update(FileBackedObjectHolder.java:77)
	at org.gradle.cache.internal.FileIntegrityViolationSuppressingObjectHolderDecorator.lambda$update$0(FileIntegrityViolationSuppressingObjectHolderDecorator.java:48)
	at org.gradle.cache.internal.FileIntegrityViolationSuppressingObjectHolderDecorator.doUpdate(FileIntegrityViolationSuppressingObjectHolderDecorator.java:58)
	at org.gradle.cache.internal.FileIntegrityViolationSuppressingObjectHolderDecorator.update(FileIntegrityViolationSuppressingObjectHolderDecorator.java:48)
	at org.gradle.launcher.daemon.registry.PersistentDaemonRegistry.remove(PersistentDaemonRegistry.java:133)
	at org.gradle.launcher.daemon.server.Daemon$1.run(Daemon.java:133)
	at java.base/java.lang.Thread.run(Thread.java:1474)
