2026-02-07T14:48:18.196+0100 [DEBUG] [org.gradle.launcher.daemon.bootstrap.DaemonMain] Assuming the daemon was started with following jvm opts: [-XX:MaxMetaspaceSize=384m, -XX:+HeapDumpOnOutOfMemoryError, -Xms256m, -Xmx512m, -Dfile.encoding=UTF-8, -Duser.country=PL, -Duser.language=pl, -Duser.variant]
2026-02-07T14:48:18.338+0100 [DEBUG] [org.gradle.internal.remote.internal.inet.InetAddresses] Adding IP addresses for network interface enp7s0
2026-02-07T14:48:18.338+0100 [DEBUG] [org.gradle.internal.remote.internal.inet.InetAddresses] Is this a loopback interface? false
2026-02-07T14:48:18.339+0100 [DEBUG] [org.gradle.internal.remote.internal.inet.InetAddresses] Adding remote address /fe80:0:0:0:feaa:14ff:fe29:91fb%enp7s0
2026-02-07T14:48:18.339+0100 [DEBUG] [org.gradle.internal.remote.internal.inet.InetAddresses] Adding remote address /192.168.3.7
2026-02-07T14:48:18.340+0100 [DEBUG] [org.gradle.internal.remote.internal.inet.InetAddresses] Adding IP addresses for network interface lo
2026-02-07T14:48:18.340+0100 [DEBUG] [org.gradle.internal.remote.internal.inet.InetAddresses] Is this a loopback interface? true
2026-02-07T14:48:18.340+0100 [DEBUG] [org.gradle.internal.remote.internal.inet.InetAddresses] Adding loopback address /0:0:0:0:0:0:0:1%lo
2026-02-07T14:48:18.341+0100 [DEBUG] [org.gradle.internal.remote.internal.inet.InetAddresses] Adding loopback address /127.0.0.1
2026-02-07T14:48:18.381+0100 [INFO] [org.gradle.launcher.daemon.server.Daemon] start() called on daemon - DefaultDaemonContext[uid=459758bc-83a9-4e16-914d-15b8d492e3c6,javaHome=/usr/lib/jvm/java-25-openjdk,javaVersion=25,javaVendor=Red Hat, Inc.,daemonRegistryDir=/home/mnich/Dokumenty/Studia/PBs-InformatykaStosowana/Programowanie zwinne/GitHub/Front_project_FULL/.gradle-user/daemon,pid=155988,idleTimeout=120000,priority=NORMAL,applyInstrumentationAgent=true,nativeServicesMode=ENABLED,daemonOpts=-XX:MaxMetaspaceSize=384m,-XX:+HeapDumpOnOutOfMemoryError,-Xms256m,-Xmx512m,-Dfile.encoding=UTF-8,-Duser.country=PL,-Duser.language=pl,-Duser.variant]
2026-02-07T14:48:18.399+0100 [DEBUG] [org.gradle.internal.remote.internal.inet.TcpIncomingConnector] Listening on [db8dfff9-5074-4f6a-ad2e-3a8aff1678c6 port:45905, addresses:[localhost/127.0.0.1]].
2026-02-07T14:48:18.405+0100 [DEBUG] [org.gradle.launcher.daemon.server.Daemon] Daemon starting at: Sat Feb 07 14:48:18 CET 2026, with address: [db8dfff9-5074-4f6a-ad2e-3a8aff1678c6 port:45905, addresses:[localhost/127.0.0.1]]
2026-02-07T14:48:18.406+0100 [INFO] [org.gradle.launcher.daemon.server.DaemonRegistryUpdater] Advertising the daemon address to the clients: [db8dfff9-5074-4f6a-ad2e-3a8aff1678c6 port:45905, addresses:[localhost/127.0.0.1]]
2026-02-07T14:48:18.406+0100 [DEBUG] [org.gradle.launcher.daemon.server.DaemonRegistryUpdater] Advertised daemon context: DefaultDaemonContext[uid=459758bc-83a9-4e16-914d-15b8d492e3c6,javaHome=/usr/lib/jvm/java-25-openjdk,javaVersion=25,javaVendor=Red Hat, Inc.,daemonRegistryDir=/home/mnich/Dokumenty/Studia/PBs-InformatykaStosowana/Programowanie zwinne/GitHub/Front_project_FULL/.gradle-user/daemon,pid=155988,idleTimeout=120000,priority=NORMAL,applyInstrumentationAgent=true,nativeServicesMode=ENABLED,daemonOpts=-XX:MaxMetaspaceSize=384m,-XX:+HeapDumpOnOutOfMemoryError,-Xms256m,-Xmx512m,-Dfile.encoding=UTF-8,-Duser.country=PL,-Duser.language=pl,-Duser.variant]
2026-02-07T14:48:18.407+0100 [DEBUG] [org.gradle.launcher.daemon.registry.PersistentDaemonRegistry] Storing daemon address: [db8dfff9-5074-4f6a-ad2e-3a8aff1678c6 port:45905, addresses:[localhost/127.0.0.1]], context: DefaultDaemonContext[uid=459758bc-83a9-4e16-914d-15b8d492e3c6,javaHome=/usr/lib/jvm/java-25-openjdk,javaVersion=25,javaVendor=Red Hat, Inc.,daemonRegistryDir=/home/mnich/Dokumenty/Studia/PBs-InformatykaStosowana/Programowanie zwinne/GitHub/Front_project_FULL/.gradle-user/daemon,pid=155988,idleTimeout=120000,priority=NORMAL,applyInstrumentationAgent=true,nativeServicesMode=ENABLED,daemonOpts=-XX:MaxMetaspaceSize=384m,-XX:+HeapDumpOnOutOfMemoryError,-Xms256m,-Xmx512m,-Dfile.encoding=UTF-8,-Duser.country=PL,-Duser.language=pl,-Duser.variant]
2026-02-07T14:48:18.416+0100 [DEBUG] [org.gradle.cache.internal.DefaultFileLockManager] Waiting to acquire exclusive lock on daemon addresses registry.
2026-02-07T14:48:18.420+0100 [DEBUG] [org.gradle.cache.internal.DefaultFileLockManager] Lock acquired on daemon addresses registry.
2026-02-07T14:48:18.426+0100 [DEBUG] [org.gradle.cache.internal.DefaultFileLockManager] Releasing lock on daemon addresses registry.
2026-02-07T14:48:18.426+0100 [LIFECYCLE] [org.gradle.launcher.daemon.server.Daemon] Daemon server started.
2026-02-07T14:48:18.427+0100 [DEBUG] [org.gradle.launcher.daemon.bootstrap.DaemonStartupCommunication] Completed writing the daemon greeting. Closing streams...
2026-02-07T14:48:18.438+0100 [DEBUG] [org.gradle.launcher.daemon.server.Daemon] stopOnExpiration() called on daemon
2026-02-07T14:48:18.440+0100 [DEBUG] [org.gradle.launcher.daemon.server.Daemon] awaitExpiration() called on daemon
2026-02-07T14:48:18.440+0100 [DEBUG] [org.gradle.launcher.daemon.server.DaemonStateCoordinator] daemon is running. Sleeping until state changes.
2026-02-07T14:48:18.443+0100 [DEBUG] [org.gradle.internal.remote.internal.inet.TcpIncomingConnector] Accepted connection from /127.0.0.1:58148 to /127.0.0.1:45905.
2026-02-07T14:48:18.472+0100 [DEBUG] [org.gradle.launcher.daemon.server.SynchronizedDispatchConnection] thread 37: received class org.gradle.launcher.daemon.protocol.Build
2026-02-07T14:48:18.472+0100 [DEBUG] [org.gradle.launcher.daemon.server.DefaultDaemonConnection] thread 37: Received non-IO message from client: Build{id=b3d9a672-1520-485b-b890-4e098c974bfb, currentDir=/home/mnich/Dokumenty/Studia/PBs-InformatykaStosowana/Programowanie zwinne/GitHub/Front_project_FULL}
2026-02-07T14:48:18.472+0100 [INFO] [org.gradle.launcher.daemon.server.DefaultIncomingConnectionHandler] Received command: Build{id=b3d9a672-1520-485b-b890-4e098c974bfb, currentDir=/home/mnich/Dokumenty/Studia/PBs-InformatykaStosowana/Programowanie zwinne/GitHub/Front_project_FULL}.
2026-02-07T14:48:18.473+0100 [DEBUG] [org.gradle.launcher.daemon.server.DefaultIncomingConnectionHandler] Starting executing command: Build{id=b3d9a672-1520-485b-b890-4e098c974bfb, currentDir=/home/mnich/Dokumenty/Studia/PBs-InformatykaStosowana/Programowanie zwinne/GitHub/Front_project_FULL} with connection: socket connection from /127.0.0.1:45905 to /127.0.0.1:58148.
2026-02-07T14:48:18.475+0100 [DEBUG] [org.gradle.launcher.daemon.server.DaemonStateCoordinator] Command execution: started DaemonCommandExecution[command = Build{id=b3d9a672-1520-485b-b890-4e098c974bfb, currentDir=/home/mnich/Dokumenty/Studia/PBs-InformatykaStosowana/Programowanie zwinne/GitHub/Front_project_FULL}, connection = DefaultDaemonConnection: socket connection from /127.0.0.1:45905 to /127.0.0.1:58148] after 0.0013333333333333333 minutes of idle
2026-02-07T14:48:18.475+0100 [INFO] [org.gradle.launcher.daemon.server.DaemonRegistryUpdater] Marking the daemon as busy, address: [db8dfff9-5074-4f6a-ad2e-3a8aff1678c6 port:45905, addresses:[localhost/127.0.0.1]]
2026-02-07T14:48:18.476+0100 [DEBUG] [org.gradle.launcher.daemon.registry.PersistentDaemonRegistry] Marking busy by address: [db8dfff9-5074-4f6a-ad2e-3a8aff1678c6 port:45905, addresses:[localhost/127.0.0.1]]
2026-02-07T14:48:18.476+0100 [DEBUG] [org.gradle.cache.internal.DefaultFileLockManager] Waiting to acquire exclusive lock on daemon addresses registry.
2026-02-07T14:48:18.477+0100 [DEBUG] [org.gradle.cache.internal.DefaultFileLockManager] Lock acquired on daemon addresses registry.
2026-02-07T14:48:18.477+0100 [DEBUG] [org.gradle.cache.internal.DefaultFileLockManager] Releasing lock on daemon addresses registry.
2026-02-07T14:48:18.478+0100 [DEBUG] [org.gradle.launcher.daemon.server.DaemonStateCoordinator] resetting idle timer
2026-02-07T14:48:18.478+0100 [DEBUG] [org.gradle.launcher.daemon.server.DaemonStateCoordinator] daemon is running. Sleeping until state changes.
2026-02-07T14:48:18.479+0100 [INFO] [org.gradle.launcher.daemon.server.exec.StartBuildOrRespondWithBusy] Daemon is about to start building Build{id=b3d9a672-1520-485b-b890-4e098c974bfb, currentDir=/home/mnich/Dokumenty/Studia/PBs-InformatykaStosowana/Programowanie zwinne/GitHub/Front_project_FULL}. Dispatching build started information...
2026-02-07T14:48:18.479+0100 [DEBUG] [org.gradle.launcher.daemon.server.SynchronizedDispatchConnection] thread 39: dispatching org.gradle.launcher.daemon.protocol.BuildStarted@6338d5af
2026-02-07T14:48:18.482+0100 [DEBUG] [org.gradle.launcher.daemon.server.exec.EstablishBuildEnvironment] Configuring env variables: [GRAAL_TECHNO_NAME, PATH, GENVIEW_TECHNO_NAME, MBK_C4_LIB, HISTCONTROL, VH_DLYSFX, DBUS_SESSION_BUS_ADDRESS, RDS_IN, RDS_TECHNO_NAME, LD_LIBRARY_PATH, SESSION_MANAGER, MBK_WORK_LIB, PWD, MANAGERPID, KDE_SESSION_VERSION, LESSOPEN, MBK_TARGET_LIB, QTINC, CODEX_HOME, VH_PATSFX, DEBUGINFOD_IMA_CERT_PATH, XSCH_PARAM_NAME, SHLVL, ICEAUTHORITY, LOADEDMODULES, IJ_RESTARTER_LOG, HISTSIZE, MEMORY_PRESSURE_WATCH, VH_MAXERR, KDE_SESSION_UID, XDG_CONFIG_DIRS, XDG_SEAT_PATH, MOZ_GMP_PATH, XDG_SESSION_ID, GRADLE_USER_HOME, MBK_CATAL_NAME, WAYLAND_DISPLAY, GTK_RC_FILES, BABEL_DATADIR, __MODULES_LMINIT, VH_BEHSFX, XDG_SESSION_CLASS, CODEX_PATH, XPAT_PARAM_NAME, CVS_RSH, DESKTOP_SESSION, GDK_CORE_DEVICE_EVENTS, XDG_MENU_PREFIX, DESKTOP_STARTUP_ID, GTK2_RC_FILES, BASH_FUNC_ml%%, XFSM_PARAM_NAME, MBK_IN_PH, BASH_FUNC__module_raw%%, MODULES_CMD, MBK_OUT_PH, ELP_TECHNO_NAME, PERL_LOCAL_LIB_ROOT, INVOCATION_ID, XAUTHORITY, PERL_MM_OPT, XDG_DATA_DIRS, MODULEPATH, DREAL_TECHNO_NAME, XDG_CURRENT_DESKTOP, PERL_MB_OPT, JOURNAL_STREAM, MAIL, MANAGERPIDFDID, LOGNAME, MBK_SCALE_X, PAM_KWALLET5_LOGIN, _JAVA_AWT_WM_NONREPARENTING, TOOLBOX_VERSION, BABEL_LIBDIR, CODEX_SANDBOX_NETWORK_DISABLED, SHELL, __MODULES_SHARE_MANPATH, XTBPATH, KDE_FULL_SESSION, SSH_ASKPASS, XDG_SESSION_PATH, DEBUGINFOD_URLS, SYSTEMD_EXEC_PID, XDG_SESSION_DESKTOP, LS_COLORS, MBK_VDD, KDE_APPLICATIONS_AS_SCOPE, MEMORY_PRESSURE_WRITE, MANPATH, MBK_SPI_MODEL, LANG, MODULES_RUN_QUARANTINE, XDG_SESSION_TYPE, DISPLAY, RDS_OUT, BASH_FUNC_module%%, XKB_DEFAULT_LAYOUT, ALLIANCE_TOP, CONDA_SHLVL, PERL5LIB, MBK_VSS, MBK_IN_LO, GPG_TTY, USER, SSH_AUTH_SOCK, XDG_SEAT, EDITOR, QT_WAYLAND_RECONNECT, MBK_CATA_LIB, HOSTNAME, MBK_OUT_LO, QTDIR, MODULESHOME, KDEDIRS, XDG_RUNTIME_DIR, XDG_VTNR, HOME, QTLIB]
2026-02-07T14:48:18.488+0100 [DEBUG] [org.gradle.launcher.daemon.server.exec.LogToClient] About to start relaying all logs to the client via the connection.
2026-02-07T14:48:18.488+0100 [INFO] [org.gradle.launcher.daemon.server.exec.LogToClient] The client will now receive all logging from the daemon (pid: 155988). The daemon log file: /home/mnich/Dokumenty/Studia/PBs-InformatykaStosowana/Programowanie zwinne/GitHub/Front_project_FULL/.gradle-user/daemon/9.0.0/daemon-155988.out.log
2026-02-07T14:48:18.490+0100 [DEBUG] [org.gradle.launcher.daemon.server.exec.RequestStopIfSingleUsedDaemon] Requesting daemon stop after processing Build{id=b3d9a672-1520-485b-b890-4e098c974bfb, currentDir=/home/mnich/Dokumenty/Studia/PBs-InformatykaStosowana/Programowanie zwinne/GitHub/Front_project_FULL}
2026-02-07T14:48:18.490+0100 [LIFECYCLE] [org.gradle.launcher.daemon.server.DaemonStateCoordinator] Daemon will be stopped at the end of the build 
2026-02-07T14:48:18.491+0100 [DEBUG] [org.gradle.launcher.daemon.server.DaemonStateCoordinator] Stop as soon as idle requested. The daemon is busy
2026-02-07T14:48:18.491+0100 [DEBUG] [org.gradle.launcher.daemon.server.DaemonStateCoordinator] daemon stop has been requested. Sleeping until state changes.
2026-02-07T14:48:18.494+0100 [DEBUG] [org.gradle.launcher.daemon.server.exec.ExecuteBuild] The daemon has started executing the build.
2026-02-07T14:48:18.495+0100 [DEBUG] [org.gradle.launcher.daemon.server.exec.ExecuteBuild] Executing build with daemon context: DefaultDaemonContext[uid=459758bc-83a9-4e16-914d-15b8d492e3c6,javaHome=/usr/lib/jvm/java-25-openjdk,javaVersion=25,javaVendor=Red Hat, Inc.,daemonRegistryDir=/home/mnich/Dokumenty/Studia/PBs-InformatykaStosowana/Programowanie zwinne/GitHub/Front_project_FULL/.gradle-user/daemon,pid=155988,idleTimeout=120000,priority=NORMAL,applyInstrumentationAgent=true,nativeServicesMode=ENABLED,daemonOpts=-XX:MaxMetaspaceSize=384m,-XX:+HeapDumpOnOutOfMemoryError,-Xms256m,-Xmx512m,-Dfile.encoding=UTF-8,-Duser.country=PL,-Duser.language=pl,-Duser.variant]

------------------------------------------------------------
Root project 'Front_project_FULL'
------------------------------------------------------------

annotationProcessor - Annotation processors and their dependencies for source set 'main'.
\--- org.projectlombok:lombok -> 1.18.36

bootArchives - Configuration for Spring Boot archive artifacts. (n)
No dependencies

compileClasspath - Compile classpath for source set 'main'.
thread 37: client disconnection detected, canceling the build
Daemon is stopping immediately the build was canceled after a stop was requested
Unable to execute command Build{id=b3d9a672-1520-485b-b890-4e098c974bfb, currentDir=/home/mnich/Dokumenty/Studia/PBs-InformatykaStosowana/Programowanie zwinne/GitHub/Front_project_FULL} from socket connection from /127.0.0.1:45905 to /127.0.0.1:58148. Dispatching the failure to the daemon client
org.gradle.internal.remote.internal.MessageIOException: Could not write '/127.0.0.1:58148'.
	at org.gradle.internal.remote.internal.inet.SocketConnection.flush(SocketConnection.java:142)
	at org.gradle.launcher.daemon.server.SynchronizedDispatchConnection.dispatchAndFlush(SynchronizedDispatchConnection.java:57)
	at org.gradle.launcher.daemon.server.DefaultDaemonConnection.completed(DefaultDaemonConnection.java:150)
	at org.gradle.launcher.daemon.server.exec.ReturnResult.execute(ReturnResult.java:41)
	at org.gradle.launcher.daemon.server.api.DaemonCommandExecution.proceed(DaemonCommandExecution.java:104)
	at org.gradle.launcher.daemon.server.exec.CleanUpVirtualFileSystemAfterBuild.doBuild(CleanUpVirtualFileSystemAfterBuild.java:58)
	at org.gradle.launcher.daemon.server.exec.BuildCommandOnly.execute(BuildCommandOnly.java:37)
	at org.gradle.launcher.daemon.server.api.DaemonCommandExecution.proceed(DaemonCommandExecution.java:104)
	at org.gradle.launcher.daemon.server.api.HandleReportStatus.execute(HandleReportStatus.java:35)
	at org.gradle.launcher.daemon.server.api.DaemonCommandExecution.proceed(DaemonCommandExecution.java:104)
	at org.gradle.launcher.daemon.server.exec.HandleCancel.execute(HandleCancel.java:39)
	at org.gradle.launcher.daemon.server.api.DaemonCommandExecution.proceed(DaemonCommandExecution.java:104)
	at org.gradle.launcher.daemon.server.api.HandleInvalidateVirtualFileSystem.execute(HandleInvalidateVirtualFileSystem.java:46)
	at org.gradle.launcher.daemon.server.api.DaemonCommandExecution.proceed(DaemonCommandExecution.java:104)
	at org.gradle.launcher.daemon.server.api.HandleStop.execute(HandleStop.java:46)
	at org.gradle.launcher.daemon.server.api.DaemonCommandExecution.proceed(DaemonCommandExecution.java:104)
	at org.gradle.launcher.daemon.server.exec.DaemonCommandExecuter.executeCommand(DaemonCommandExecuter.java:55)
	at org.gradle.launcher.daemon.server.DefaultIncomingConnectionHandler$ConnectionWorker.handleCommand(DefaultIncomingConnectionHandler.java:161)
	at org.gradle.launcher.daemon.server.DefaultIncomingConnectionHandler$ConnectionWorker.receiveAndHandleCommand(DefaultIncomingConnectionHandler.java:134)
	at org.gradle.launcher.daemon.server.DefaultIncomingConnectionHandler$ConnectionWorker.run(DefaultIncomingConnectionHandler.java:122)
	at org.gradle.internal.concurrent.ExecutorPolicy$CatchAndRecordFailures.onExecute(ExecutorPolicy.java:64)
	at org.gradle.internal.concurrent.AbstractManagedExecutor$1.run(AbstractManagedExecutor.java:47)
	at java.base/java.util.concurrent.ThreadPoolExecutor.runWorker(ThreadPoolExecutor.java:1090)
	at java.base/java.util.concurrent.ThreadPoolExecutor$Worker.run(ThreadPoolExecutor.java:614)
	at java.base/java.lang.Thread.run(Thread.java:1474)
Caused by: java.io.IOException: Przerwany potok
	at java.base/sun.nio.ch.SocketDispatcher.write0(Native Method)
	at java.base/sun.nio.ch.SocketDispatcher.write(SocketDispatcher.java:65)
	at java.base/sun.nio.ch.IOUtil.writeFromNativeBuffer(IOUtil.java:137)
	at java.base/sun.nio.ch.IOUtil.write(IOUtil.java:81)
	at java.base/sun.nio.ch.IOUtil.write(IOUtil.java:58)
	at java.base/sun.nio.ch.SocketChannelImpl.implWrite(SocketChannelImpl.java:562)
	at java.base/sun.nio.ch.SocketChannelImpl.write(SocketChannelImpl.java:614)
	at org.gradle.internal.remote.internal.inet.SocketConnection$SocketOutputStream.writeWithNonBlockingRetry(SocketConnection.java:282)
	at org.gradle.internal.remote.internal.inet.SocketConnection$SocketOutputStream.writeBufferToChannel(SocketConnection.java:269)
	at org.gradle.internal.remote.internal.inet.SocketConnection$SocketOutputStream.flush(SocketConnection.java:263)
	at org.gradle.internal.remote.internal.inet.SocketConnection.flush(SocketConnection.java:140)
	... 24 more
Daemon vm is shutting down... The daemon has exited normally or was terminated in response to a user interrupt.
